Log file open, 08/18/17 18:53:28
LogInit:Display: Running engine for game: ModularSuburbs
LogPlatformFile: Not using cached read wrapper
LogInit:Display: RandInit(-153907894) SRandInit(-153907894).
LogTaskGraph: Started task graph with 5 named threads and 8 total threads with 1 sets of task threads.
LogStats: Stats thread started at 0.107817
LogInit: Using libcurl 7.47.1
LogInit:  - built for x86_64-pc-win32
LogInit:  - supports SSL with OpenSSL/1.0.2g
LogInit:  - supports HTTP deflate (compression) using libz 1.2.8
LogInit:  - other features:
LogInit:      CURL_VERSION_SSL
LogInit:      CURL_VERSION_LIBZ
LogInit:      CURL_VERSION_IPV6
LogInit:      CURL_VERSION_ASYNCHDNS
LogInit:      CURL_VERSION_LARGEFILE
LogInit:      CURL_VERSION_IDN
LogInit:  CurlRequestOptions (configurable via config and command line):
LogInit:  - bVerifyPeer = false  - Libcurl will NOT verify peer certificate
LogInit:  - bUseHttpProxy = false  - Libcurl will NOT use HTTP proxy
LogInit:  - bDontReuseConnections = false  - Libcurl will reuse connections
LogInit:  - CertBundlePath = nullptr  - Libcurl will use whatever was configured at build time.
LogInit: Build: ++UE4+Release-4.16-CL-3561208
LogInit: Engine Version: 4.16.3-3561208+++UE4+Release-4.16
LogInit: Compatible Engine Version: 4.16.0-3452394+++UE4+Release-4.16
LogInit: Net CL: 3452394
LogDevObjectVersion: Number of dev versions registered: 16
LogDevObjectVersion:   Dev-Blueprints (B0D832E4-1F89-4F0D-ACCF-7EB736FD4AA2): 9
LogDevObjectVersion:   Dev-Build (E1C64328-A22C-4D53-A36C-8E866417BD8C): 0
LogDevObjectVersion:   Dev-Core (375EC13C-06E4-48FB-B500-84F0262A717E): 2
LogDevObjectVersion:   Dev-Editor (E4B068ED-F494-42E9-A231-DA0B2E46BB41): 17
LogDevObjectVersion:   Dev-Framework (CFFC743F-43B0-4480-9391-14DF171D2073): 23
LogDevObjectVersion:   Dev-Mobile (B02B49B5-BB20-44E9-A304-32B752E40360): 0
LogDevObjectVersion:   Dev-Networking (A4E4105C-59A1-49B5-A7C5-40C4547EDFEE): 0
LogDevObjectVersion:   Dev-Online (39C831C9-5AE6-47DC-9A44-9C173E1C8E7C): 0
LogDevObjectVersion:   Dev-Physics (78F01B33-EBEA-4F98-B9B4-84EACCB95AA2): 0
LogDevObjectVersion:   Dev-Platform (6631380F-2D4D-43E0-8009-CF276956A95A): 0
LogDevObjectVersion:   Dev-Rendering (12F88B9F-8875-4AFC-A67C-D90C383ABD29): 15
LogDevObjectVersion:   Dev-Sequencer (7B5AE74C-D270-4C10-A958-57980B212A5A): 4
LogDevObjectVersion:   Dev-VR (D7296918-1DD6-4BDD-9DE2-64A83CC13884): 0
LogDevObjectVersion:   Dev-LoadTimes (C2A15278-BFE7-4AFE-6C17-90FF531DF755): 1
LogDevObjectVersion:   Private-Geometry (6EACA3D4-40EC-4CC1-B786-8BED09428FC5): 1
LogDevObjectVersion:   Dev-AnimPhys (29E575DD-E0A3-4627-9D10-D276232CDCEA): 3
LogInit: Compiled (64-bit): Jul 28 2017 11:49:47
LogInit: Compiled with Visual C++: 19.00.24215.01
LogInit: Build Configuration: Development
LogInit: Branch Name: ++UE4+Release-4.16
LogInit: Command line:  
LogInit: Base directory: C:/Program Files/Epic Games/UE_4.16/Engine/Binaries/Win64/
LogInit: Installed Engine Build: 1
LogInit: Presizing for max 8388607 objects, including 0 objects not considered by GC, pre-allocating 0 bytes for permanent pool.
LogInit: Object subsystem initialized
[2017.08.19-01.53.29:490][  0]LogInit: Selected Device Profile: [Windows]
[2017.08.19-01.53.29:490][  0]LogInit: Applying CVar settings loaded from the selected device profile: [Windows]
[2017.08.19-01.53.29:503][  0]LogInit: Computer: DESKTOP-9RLMK0I
[2017.08.19-01.53.29:503][  0]LogInit: User: Justin
[2017.08.19-01.53.29:503][  0]LogInit: CPU Page size=4096, Cores=4
[2017.08.19-01.53.29:503][  0]LogInit: High frequency timer resolution =4.232973 MHz
[2017.08.19-01.53.29:504][  0]LogMemory: Memory total: Physical=15.9GB (16GB approx)
[2017.08.19-01.53.29:504][  0]LogMemory: Platform Memory Stats for Windows
[2017.08.19-01.53.29:504][  0]LogMemory: Process Physical Memory: 273.23 MB used, 273.23 MB peak
[2017.08.19-01.53.29:504][  0]LogMemory: Process Virtual Memory: 261.01 MB used, 261.01 MB peak
[2017.08.19-01.53.29:504][  0]LogMemory: Physical Memory: 6278.22 MB used,  10010.35 MB free, 16288.57 MB total
[2017.08.19-01.53.29:504][  0]LogMemory: Virtual Memory: 638.63 MB used,  10010.35 MB free, 134217728.00 MB total
[2017.08.19-01.53.29:615][  0]LogInit: Using OS detected language (en-US).
[2017.08.19-01.53.29:615][  0]LogInit: Using OS detected locale (en-US).
[2017.08.19-01.53.29:618][  0]LogTextLocalizationManager: No specific localization for 'en-US' exists, so the 'en' localization will be used.
[2017.08.19-01.53.30:762][  0]LogD3D11RHI: D3D11 adapters:
[2017.08.19-01.53.31:287][  0]LogD3D11RHI:    0. 'NVIDIA GeForce GTX 1070' (Feature Level 11_0)
[2017.08.19-01.53.31:287][  0]LogD3D11RHI:       8119/0/8144 MB DedicatedVideo/DedicatedSystem/SharedSystem, Outputs:2, VendorId:0x10de
[2017.08.19-01.53.31:288][  0]LogD3D11RHI:    1. 'Microsoft Basic Render Driver' (Feature Level 11_0)
[2017.08.19-01.53.31:288][  0]LogD3D11RHI:       0/0/8144 MB DedicatedVideo/DedicatedSystem/SharedSystem, Outputs:0, VendorId:0x1414
[2017.08.19-01.53.31:288][  0]LogD3D11RHI: Chosen D3D11 Adapter: 0
[2017.08.19-01.53.31:294][  0]LogD3D11RHI: Creating new Direct3DDevice
[2017.08.19-01.53.31:294][  0]LogD3D11RHI:     GPU DeviceId: 0x1b81 (for the marketing name, search the web for "GPU Device Id")
[2017.08.19-01.53.31:294][  0]LogWindows: EnumDisplayDevices:
[2017.08.19-01.53.31:294][  0]LogWindows:    0. 'NVIDIA GeForce GTX 1070' (P:1 D:1)
[2017.08.19-01.53.31:294][  0]LogWindows:    1. 'NVIDIA GeForce GTX 1070' (P:0 D:1)
[2017.08.19-01.53.31:295][  0]LogWindows:    2. 'NVIDIA GeForce GTX 1070' (P:0 D:0)
[2017.08.19-01.53.31:295][  0]LogWindows:    3. 'NVIDIA GeForce GTX 1070' (P:0 D:0)
[2017.08.19-01.53.31:295][  0]LogWindows: DebugString: FoundDriverCount:4 
[2017.08.19-01.53.31:295][  0]LogD3D11RHI:     Adapter Name: NVIDIA GeForce GTX 1070
[2017.08.19-01.53.31:295][  0]LogD3D11RHI:   Driver Version: 378.49 (internal:21.21.13.7849, unified:378.49)
[2017.08.19-01.53.31:295][  0]LogD3D11RHI:      Driver Date: 1-20-2017
[2017.08.19-01.53.31:295][  0]LogRHI: Texture pool is 1361 MB (70% of 1945 MB)
[2017.08.19-01.53.31:920][  0]LogD3D11RHI: Async texture creation enabled
[2017.08.19-01.53.31:931][  0]LogD3D11RHI: GPU Timing Frequency: 1000.000000 (Debug: 2 1)
[2017.08.19-01.53.32:026][  0]LogShaderCompilers: Guid format shader working directory is 32 characters bigger than the processId version (D:/ModularHouse/Intermediate/Shaders/WorkingDirectory/5616/).
[2017.08.19-01.53.32:026][  0]LogShaderCompilers: Cleaned the shader compiler working directory 'C:/Users/Justin/AppData/Local/Temp/UnrealShaderWorkingDir/0D8CC4AC4FF710236465DAB56B309A49/'.
[2017.08.19-01.53.32:026][  0]LogShaderCompilers:Display: Using Local Shader Compiler.
[2017.08.19-01.53.33:476][  0]LogTemp:Display: Loaded TP AllDesktopTargetPlatform
[2017.08.19-01.53.33:559][  0]LogTemp:Display: Loaded TP MacClientTargetPlatform
[2017.08.19-01.53.33:640][  0]LogTemp:Display: Loaded TP MacNoEditorTargetPlatform
[2017.08.19-01.53.33:722][  0]LogTemp:Display: Loaded TP MacServerTargetPlatform
[2017.08.19-01.53.33:807][  0]LogTemp:Display: Loaded TP MacTargetPlatform
[2017.08.19-01.53.33:887][  0]LogTemp:Display: Loaded TP WindowsClientTargetPlatform
[2017.08.19-01.53.33:968][  0]LogTemp:Display: Loaded TP WindowsNoEditorTargetPlatform
[2017.08.19-01.53.34:049][  0]LogTemp:Display: Loaded TP WindowsServerTargetPlatform
[2017.08.19-01.53.34:120][  0]LogTemp:Display: Loaded TP WindowsTargetPlatform
[2017.08.19-01.53.34:197][  0]LogTemp:Display: Loaded TP AndroidTargetPlatform
[2017.08.19-01.53.34:273][  0]LogTemp:Display: Loaded TP Android_ASTCTargetPlatform
[2017.08.19-01.53.34:354][  0]LogTemp:Display: Loaded TP Android_ATCTargetPlatform
[2017.08.19-01.53.34:432][  0]LogTemp:Display: Loaded TP Android_DXTTargetPlatform
[2017.08.19-01.53.34:510][  0]LogTemp:Display: Loaded TP Android_ETC1TargetPlatform
[2017.08.19-01.53.34:589][  0]LogTemp:Display: Loaded TP Android_ETC2TargetPlatform
[2017.08.19-01.53.34:746][  0]LogTemp:Display: Loaded TP Android_MultiTargetPlatform
[2017.08.19-01.53.34:746][  0]LogTemp:Display: Loaded TP Android_PVRTCTargetPlatform
[2017.08.19-01.53.34:811][  0]LogTemp:Display: Loaded TP HTML5TargetPlatform
[2017.08.19-01.53.34:952][  0]LogTemp:Display: Loaded TP IOSTargetPlatform
[2017.08.19-01.53.35:003][  0]LogTemp:Display: Loaded TP TVOSTargetPlatform
[2017.08.19-01.53.35:080][  0]LogTemp:Display: Loaded TP LinuxClientTargetPlatform
[2017.08.19-01.53.35:160][  0]LogTemp:Display: Loaded TP LinuxNoEditorTargetPlatform
[2017.08.19-01.53.35:239][  0]LogTemp:Display: Loaded TP LinuxServerTargetPlatform
[2017.08.19-01.53.35:316][  0]LogTemp:Display: Loaded TP LinuxTargetPlatform
[2017.08.19-01.53.35:316][  0]LogTargetPlatformManager:Display: Building Assets For Windows
[2017.08.19-01.53.36:148][  0]LogDerivedDataCache:Display: Max Cache Size: 512 MB
[2017.08.19-01.53.36:316][  0]LogDerivedDataCache: Loaded boot cache 0.17s 90MB C:/Users/Justin/AppData/Local/UnrealEngine/4.16/DerivedDataCache/Boot.ddc.
[2017.08.19-01.53.36:316][  0]LogDerivedDataCache:Display: Loaded Boot cache: C:/Users/Justin/AppData/Local/UnrealEngine/4.16/DerivedDataCache/Boot.ddc
[2017.08.19-01.53.36:316][  0]LogDerivedDataCache: FDerivedDataBackendGraph:  Pak pak cache file D:/ModularHouse/DerivedDataCache/DDC.ddp not found, will not use a pak cache.
[2017.08.19-01.53.36:316][  0]LogDerivedDataCache: Unable to find inner node Pak for hierarchical cache Hierarchy.
[2017.08.19-01.53.36:316][  0]LogDerivedDataCache: FDerivedDataBackendGraph:  CompressedPak pak cache file D:/ModularHouse/DerivedDataCache/Compressed.ddp not found, will not use a pak cache.
[2017.08.19-01.53.36:316][  0]LogDerivedDataCache: Unable to find inner node CompressedPak for hierarchical cache Hierarchy.
[2017.08.19-01.53.36:341][  0]LogDerivedDataCache:Display: Pak cache opened for reading ../../../Engine/DerivedDataCache/Compressed.ddp.
[2017.08.19-01.53.36:353][  0]LogDerivedDataCache: Using Local data cache path C:/Users/Justin/AppData/Local/UnrealEngine/Common/DerivedDataCache: Writable
[2017.08.19-01.53.36:370][  0]LogMaterial: Verifying Global Shaders for PCD3D_SM5
[2017.08.19-01.53.36:370][  0]LogSlate: Using Freetype 2.6.0
[2017.08.19-01.53.36:371][  0]LogSlate: SlateFontCache - WITH_FREETYPE: 1, WITH_HARFBUZZ: 1
[2017.08.19-01.53.36:371][  0]LogSlate: SlateFontCache - WITH_FREETYPE: 1, WITH_HARFBUZZ: 1
[2017.08.19-01.53.36:809][  0]LogInit: Selected Device Profile: [Windows]
[2017.08.19-01.53.36:928][  0]LogContentStreaming: Texture pool size is 0.00 MB
[2017.08.19-01.53.37:153][  0]LogMeshUtilities: Using QuadricMeshReduction for automatic static mesh reduction
[2017.08.19-01.53.37:226][  0]LogSimplygon: Simplygon DLL not present - disabling.
[2017.08.19-01.53.37:307][  0]LogMeshUtilities: Using SimplygonSwarm for distributed automatic mesh merging
[2017.08.19-01.53.37:307][  0]LogMeshUtilities: No automatic skeletal mesh reduction module available
[2017.08.19-01.53.37:307][  0]LogMeshUtilities: No automatic mesh merging module available
[2017.08.19-01.53.38:099][  0]LogNetVersion: ModularSuburbs , NetCL: 3452394, EngineNetVer: 2, GameNetVer: 0 (Checksum: 3462518015)
[2017.08.19-01.53.38:181][  0]LogAssetRegistry: FAssetRegistry took 0.0264 seconds to start up
[2017.08.19-01.53.38:262][  0]LogPackageLocalizationCache: Processed 4 localized package path(s) for 2 prioritized culture(s) in 0.037272 seconds
[2017.08.19-01.53.38:269][  0]LogUObjectArray: 34194 objects as part of root set at end of initial load.
[2017.08.19-01.53.38:269][  0]LogUObjectAllocator: 7260416 out of 0 bytes used by permanent object pool.
[2017.08.19-01.53.38:269][  0]LogUObjectArray: CloseDisregardForGC: 0/0 objects in disregard for GC pool
[2017.08.19-01.53.38:379][  0]LogInit: WinSock: version 1.1 (2.2), MaxSocks=32767, MaxUdp=65467
[2017.08.19-01.53.41:829][  0]LogTcpMessaging: Initializing TcpMessaging bridge
[2017.08.19-01.53.41:891][  0]LogUdpMessaging: Initializing bridge on interface 0.0.0.0:0 to multicast group 230.0.0.1:6666.
[2017.08.19-01.53.42:696][  0]LogMaterial: Uniform references updated for custom material expression Custom.
[2017.08.19-01.53.43:309][  0]SourceControl: Info Source control is disabled
[2017.08.19-01.53.43:342][  0]SourceControl: Info Source control is disabled
[2017.08.19-01.53.43:422][  0]SourceControl: Info Source control is disabled
[2017.08.19-01.53.43:502][  0]SourceControl: Info Source control is disabled
[2017.08.19-01.53.44:640][  0]LogAndroidPermission: UAndroidPermissionCallbackProxy::GetInstance
[2017.08.19-01.53.45:599][  0]LogEngine: Initializing Engine...
[2017.08.19-01.53.45:600][  0]LogHMD: Failed to initialize OpenVR with code 110
[2017.08.19-01.53.45:866][  0]LogStats: UGameplayTagsManager::ConstructGameplayTagTree: Construct from data asset -  0.000 s
[2017.08.19-01.53.45:866][  0]LogStats: UGameplayTagsManager::ConstructGameplayTagTree: GameplayTagTreeChangedEvent.Broadcast -  0.000 s
[2017.08.19-01.53.46:073][  0]LogAIModule: Creating AISystem for world Untitled
[2017.08.19-01.53.46:088][  0]LogInit: XAudio2 using 'Speakers (2- High Definition Audio Device)' : 2 channels at 44.1 kHz using 16 bits per sample (channel mask 0x3)
[2017.08.19-01.53.46:102][  0]LogInit: FAudioDevice initialized.
[2017.08.19-01.53.46:183][  0]LogDerivedDataCache: Saved boot cache 0.08s 90MB C:/Users/Justin/AppData/Local/UnrealEngine/4.16/DerivedDataCache/Boot.ddc.
[2017.08.19-01.53.46:215][  0]LogInit: Texture streaming: Enabled
[2017.08.19-01.53.46:377][  0]LogEngineSessionManager: EngineSessionManager initialized
[2017.08.19-01.53.46:747][  0]LogInit: Transaction tracking system initialized
[2017.08.19-01.53.47:262][  0]BlueprintLog: New page: Editor Load
[2017.08.19-01.53.48:817][  0]LocalizationService: Info Localization service is disabled
[2017.08.19-01.53.49:930][  0]LogConsoleResponse:Display: 
[2017.08.19-01.53.50:118][  0]LogCook:Display: Max memory allowance for cook 16384mb min free memory 0mb
[2017.08.19-01.53.50:118][  0]LogCook:Display: Mobile HDR setting 1
[2017.08.19-01.53.50:165][  0]LogFileCache: Scanning file cache for directory 'D:/ModularHouse/Content/' took 0.01s
[2017.08.19-01.53.51:869][  0]SourceControl: Info Source control is disabled
[2017.08.19-01.53.51:869][  0]Cmd: MAP LOAD FILE="D:/ModularHouse/Content/ModularSuburbanHouse/Maps/SuburbanDemo.umap" TEMPLATE=0 SHOWPROGRESS=1 FEATURELEVEL=3
[2017.08.19-01.53.51:870][  0]LightingResults: New page: Lighting Build
[2017.08.19-01.53.51:938][  0]MapCheck: New page: Map Check
[2017.08.19-01.53.51:938][  0]LightingResults: New page: Lighting Build
[2017.08.19-01.53.51:958][  0]LogAIModule: Creating AISystem for world SuburbanDemo
[2017.08.19-01.53.51:959][  0]LogEditorServer: Finished looking for orphan Actors (0.000 secs)
[2017.08.19-01.53.51:973][  0]Cmd: MAP CHECKDEP NOCLEARLOG
[2017.08.19-01.53.52:039][  0]MapCheck: Info Map check complete: 0 Error(s), 0 Warning(s), took 65.946ms to complete.
[2017.08.19-01.53.52:039][  0]LogFileHelpers: Loading map 'SuburbanDemo' took 0.170
[2017.08.19-01.53.52:218][  0]LogCollectionManager: Loaded 0 collections in 0.002456 seconds
[2017.08.19-01.53.52:328][  0]LogFileCache: Scanning file cache for directory 'D:/ModularHouse/Saved/Collections/' took 0.01s
[2017.08.19-01.53.52:328][  0]LogFileCache: Scanning file cache for directory 'D:/ModularHouse/Content/Developers/Justin/Collections/' took 0.01s
[2017.08.19-01.53.52:328][  0]LogFileCache: Scanning file cache for directory 'D:/ModularHouse/Content/Collections/' took 0.01s
[2017.08.19-01.53.52:328][  0]LogCollectionManager: Rebuilt the GUID cache for 0 collections in 0.000002 seconds
[2017.08.19-01.53.52:342][  0]LogContentBrowser: Native class hierarchy populated in 0.0138 seconds. Added 2329 classes and 491 folders.
[2017.08.19-01.53.52:451][  0]LogContentBrowser: Native class hierarchy updated for 'WidgetCarousel' in 0.0007 seconds. Added 0 classes and 0 folders.
[2017.08.19-01.53.52:510][  0]LogContentBrowser: Native class hierarchy updated for 'AddContentDialog' in 0.0006 seconds. Added 0 classes and 0 folders.
[2017.08.19-01.53.52:581][  0]LogContentBrowser: Native class hierarchy updated for 'SceneOutliner' in 0.0006 seconds. Added 1 classes and 2 folders.
[2017.08.19-01.53.52:683][  0]LogCrashTracker: Crashtracker disabled due to settings.
[2017.08.19-01.53.52:688][  0]LogSlate: Took 0.000367 seconds to synchronously load lazily loaded font '../../../Engine/Content/Slate/Fonts/Roboto-Regular.ttf' (155K)
[2017.08.19-01.53.52:692][  0]LogSlate: Took 0.000318 seconds to synchronously load lazily loaded font '../../../Engine/Content/Slate/Fonts/Roboto-Bold.ttf' (160K)
[2017.08.19-01.53.52:699][  0]LogSlate: Took 0.000368 seconds to synchronously load lazily loaded font '../../../Engine/Content/Editor/Slate/Fonts/FontAwesome.ttf' (139K)
[2017.08.19-01.53.52:820][  0]LogRenderer: Reallocating scene render targets to support 1200x480 NumSamples 1 (Frame:1).
[2017.08.19-01.53.52:959][  0]LogUObjectGlobals:Warning: Failed to find object 'Class None.'
[2017.08.19-01.53.53:064][  0]LogContentBrowser: Native class hierarchy updated for 'HierarchicalLODOutliner' in 0.0007 seconds. Added 1 classes and 2 folders.
[2017.08.19-01.53.53:064][  0]LogLoad: (Engine Initialization) Total time: 25.81 seconds
[2017.08.19-01.53.53:064][  0]LogLoad: (Engine Initialization) Total Blueprint compile time: 0.08 seconds
[2017.08.19-01.53.53:064][  0]LogExternalProfiler: Found external profiler: VSPerf
[2017.08.19-01.53.53:064][  0]LogExternalProfiler: Using external profiler: VSPerf
[2017.08.19-01.53.53:404][  0]LogOcInput: OculusInput pre-init called
[2017.08.19-01.53.53:404][  0]LogHMD: Starting GearVRController plugin
[2017.08.19-01.53.53:420][  0]LogContentStreaming: Texture pool size now 1000 MB
[2017.08.19-01.53.53:746][  1]LogAssetRegistry: Asset discovery search completed in 15.5864 seconds
[2017.08.19-01.53.53:747][  1]LogCollectionManager: Rebuilt the object cache for 0 collections in 0.000000 seconds (found 0 objects)
[2017.08.19-01.53.53:747][  1]LogCollectionManager: Fixed up redirectors for 0 collections in 0.000025 seconds (updated 0 objects)
[2017.08.19-01.53.57:742][ 13]LogSlate: Took 0.000290 seconds to synchronously load lazily loaded font '../../../Engine/Content/Slate/Fonts/Roboto-Light.ttf' (159K)
[2017.08.19-01.54.48:329][439]LogEditorViewport: Clicking Background
[2017.08.19-01.54.52:843][703]LogEditorViewport: Clicking Background
[2017.08.19-01.55.14:357][ 89]LogSlate: Took 0.000226 seconds to synchronously load lazily loaded font '../../../Engine/Content/Slate/Fonts/Roboto-Light.ttf' (159K)
[2017.08.19-01.55.14:369][ 89]Cmd: OBJ SAVEPACKAGE PACKAGE="/Game/ModularSuburbanHouse/Maps/SuburbanDemo" FILE="D:/ModularHouse/Content/ModularSuburbanHouse/Maps/SuburbanDemo.umap" SILENT=true AUTOSAVING=false KEEPDIRTY=false
[2017.08.19-01.55.14:414][ 89]LogSavePackage: Save=22.96ms
[2017.08.19-01.55.14:414][ 89]LogSavePackage: Moving 'D:/ModularHouse/Saved/SuburbanDemoA29E60684E4F7A976DA75CB68FE105B2.tmp' to 'D:/ModularHouse/Content/ModularSuburbanHouse/Maps/SuburbanDemo.umap'
[2017.08.19-01.55.14:418][ 89]LogSavePackage:Display: Finished SavePackage D:/ModularHouse/Content/ModularSuburbanHouse/Maps/SuburbanDemo.umap
[2017.08.19-01.55.24:267][216]LogMaterial: Missing cached shader map for material LayerVisMaterial, compiling. 
[2017.08.19-01.55.24:488][216]LogMaterial: Missing cached shader map for material SelectBrushMaterial, compiling. 
[2017.08.19-01.55.24:639][216]LogMaterial: Missing cached shader map for material SelectBrushMaterial, compiling. 
[2017.08.19-01.55.24:942][216]LogMaterial: Missing cached shader map for material MaskBrushMaterial, compiling. 
[2017.08.19-01.55.25:287][216]LogMaterial: Missing cached shader map for material LandscapeLayerUsageMaterial, compiling. 
[2017.08.19-01.55.25:761][216]LogMaterial: Missing cached shader map for material CircleBrushMaterial, compiling. 
[2017.08.19-01.55.25:814][216]LogMaterial: Missing cached shader map for material CircleBrushMaterial, compiling. 
[2017.08.19-01.55.25:870][216]LogMaterial: Missing cached shader map for material CircleBrushMaterial, compiling. 
[2017.08.19-01.55.25:960][216]LogMaterial: Missing cached shader map for material CircleBrushMaterial, compiling. 
[2017.08.19-01.55.26:172][216]LogMaterial: Missing cached shader map for material AlphaBrushMaterial, compiling. 
[2017.08.19-01.55.26:274][216]LogMaterial: Missing cached shader map for material CircleBrushMaterial, compiling. 
[2017.08.19-01.55.26:404][216]LogMaterial: Missing cached shader map for material MaskBrushMaterial, compiling. 
[2017.08.19-01.55.26:858][216]LogTexture:Display: Building textures: Texture2D_2 (G8, 128X128)
[2017.08.19-01.55.53:576][633]LogTexture:Display: Building textures: Texture2D_0 (BGRA8, 64X64)
[2017.08.19-01.55.53:585][633]LogMaterial: Missing cached shader map for material NewMaterial, compiling. 
