Log file open, 08/19/17 16:20:38
LogInit:Display: Running engine for game: ModularSuburbanHouses
LogPlatformFile: Not using cached read wrapper
LogInit:Display: RandInit(-690186578) SRandInit(-690186578).
LogTaskGraph: Started task graph with 5 named threads and 8 total threads with 1 sets of task threads.
LogStats: Stats thread started at 0.108580
LogInit: Using libcurl 7.47.1
LogInit:  - built for x86_64-pc-win32
LogInit:  - supports SSL with OpenSSL/1.0.2g
LogInit:  - supports HTTP deflate (compression) using libz 1.2.8
LogInit:  - other features:
LogInit:      CURL_VERSION_SSL
LogInit:      CURL_VERSION_LIBZ
LogInit:      CURL_VERSION_IPV6
LogInit:      CURL_VERSION_ASYNCHDNS
LogInit:      CURL_VERSION_LARGEFILE
LogInit:      CURL_VERSION_IDN
LogInit:  CurlRequestOptions (configurable via config and command line):
LogInit:  - bVerifyPeer = false  - Libcurl will NOT verify peer certificate
LogInit:  - bUseHttpProxy = false  - Libcurl will NOT use HTTP proxy
LogInit:  - bDontReuseConnections = false  - Libcurl will reuse connections
LogInit:  - CertBundlePath = nullptr  - Libcurl will use whatever was configured at build time.
LogInit: Build: ++UE4+Release-4.16-CL-3561208
LogInit: Engine Version: 4.16.3-3561208+++UE4+Release-4.16
LogInit: Compatible Engine Version: 4.16.0-3452394+++UE4+Release-4.16
LogInit: Net CL: 3452394
LogDevObjectVersion: Number of dev versions registered: 16
LogDevObjectVersion:   Dev-Blueprints (B0D832E4-1F89-4F0D-ACCF-7EB736FD4AA2): 9
LogDevObjectVersion:   Dev-Build (E1C64328-A22C-4D53-A36C-8E866417BD8C): 0
LogDevObjectVersion:   Dev-Core (375EC13C-06E4-48FB-B500-84F0262A717E): 2
LogDevObjectVersion:   Dev-Editor (E4B068ED-F494-42E9-A231-DA0B2E46BB41): 17
LogDevObjectVersion:   Dev-Framework (CFFC743F-43B0-4480-9391-14DF171D2073): 23
LogDevObjectVersion:   Dev-Mobile (B02B49B5-BB20-44E9-A304-32B752E40360): 0
LogDevObjectVersion:   Dev-Networking (A4E4105C-59A1-49B5-A7C5-40C4547EDFEE): 0
LogDevObjectVersion:   Dev-Online (39C831C9-5AE6-47DC-9A44-9C173E1C8E7C): 0
LogDevObjectVersion:   Dev-Physics (78F01B33-EBEA-4F98-B9B4-84EACCB95AA2): 0
LogDevObjectVersion:   Dev-Platform (6631380F-2D4D-43E0-8009-CF276956A95A): 0
LogDevObjectVersion:   Dev-Rendering (12F88B9F-8875-4AFC-A67C-D90C383ABD29): 15
LogDevObjectVersion:   Dev-Sequencer (7B5AE74C-D270-4C10-A958-57980B212A5A): 4
LogDevObjectVersion:   Dev-VR (D7296918-1DD6-4BDD-9DE2-64A83CC13884): 0
LogDevObjectVersion:   Dev-LoadTimes (C2A15278-BFE7-4AFE-6C17-90FF531DF755): 1
LogDevObjectVersion:   Private-Geometry (6EACA3D4-40EC-4CC1-B786-8BED09428FC5): 1
LogDevObjectVersion:   Dev-AnimPhys (29E575DD-E0A3-4627-9D10-D276232CDCEA): 3
LogInit: Compiled (64-bit): Jul 28 2017 11:49:47
LogInit: Compiled with Visual C++: 19.00.24215.01
LogInit: Build Configuration: Development
LogInit: Branch Name: ++UE4+Release-4.16
LogInit: Command line:  
LogInit: Base directory: C:/Program Files/Epic Games/UE_4.16/Engine/Binaries/Win64/
LogInit: Installed Engine Build: 1
LogInit: Presizing for max 8388607 objects, including 0 objects not considered by GC, pre-allocating 0 bytes for permanent pool.
LogInit: Object subsystem initialized
[2017.08.19-23.20.39:961][  0]LogInit: Selected Device Profile: [Windows]
[2017.08.19-23.20.39:961][  0]LogInit: Applying CVar settings loaded from the selected device profile: [Windows]
[2017.08.19-23.20.40:065][  0]LogInit: Computer: DESKTOP-9RLMK0I
[2017.08.19-23.20.40:065][  0]LogInit: User: Justin
[2017.08.19-23.20.40:065][  0]LogInit: CPU Page size=4096, Cores=4
[2017.08.19-23.20.40:065][  0]LogInit: High frequency timer resolution =4.232975 MHz
[2017.08.19-23.20.40:065][  0]LogMemory: Memory total: Physical=15.9GB (16GB approx)
[2017.08.19-23.20.40:065][  0]LogMemory: Platform Memory Stats for Windows
[2017.08.19-23.20.40:065][  0]LogMemory: Process Physical Memory: 273.26 MB used, 273.26 MB peak
[2017.08.19-23.20.40:065][  0]LogMemory: Process Virtual Memory: 261.04 MB used, 261.04 MB peak
[2017.08.19-23.20.40:065][  0]LogMemory: Physical Memory: 3947.21 MB used,  12341.36 MB free, 16288.57 MB total
[2017.08.19-23.20.40:065][  0]LogMemory: Virtual Memory: 638.63 MB used,  12341.36 MB free, 134217728.00 MB total
[2017.08.19-23.20.40:756][  0]LogInit: Using OS detected language (en-US).
[2017.08.19-23.20.40:756][  0]LogInit: Using OS detected locale (en-US).
[2017.08.19-23.20.41:120][  0]LogTextLocalizationManager: No specific localization for 'en-US' exists, so the 'en' localization will be used.
[2017.08.19-23.20.49:743][  0]LogD3D11RHI: D3D11 adapters:
[2017.08.19-23.20.50:337][  0]LogD3D11RHI:    0. 'NVIDIA GeForce GTX 1070' (Feature Level 11_0)
[2017.08.19-23.20.50:337][  0]LogD3D11RHI:       8119/0/8144 MB DedicatedVideo/DedicatedSystem/SharedSystem, Outputs:2, VendorId:0x10de
[2017.08.19-23.20.50:339][  0]LogD3D11RHI:    1. 'Microsoft Basic Render Driver' (Feature Level 11_0)
[2017.08.19-23.20.50:339][  0]LogD3D11RHI:       0/0/8144 MB DedicatedVideo/DedicatedSystem/SharedSystem, Outputs:0, VendorId:0x1414
[2017.08.19-23.20.50:339][  0]LogD3D11RHI: Chosen D3D11 Adapter: 0
[2017.08.19-23.20.50:345][  0]LogD3D11RHI: Creating new Direct3DDevice
[2017.08.19-23.20.50:345][  0]LogD3D11RHI:     GPU DeviceId: 0x1b81 (for the marketing name, search the web for "GPU Device Id")
[2017.08.19-23.20.50:345][  0]LogWindows: EnumDisplayDevices:
[2017.08.19-23.20.50:345][  0]LogWindows:    0. 'NVIDIA GeForce GTX 1070' (P:1 D:1)
[2017.08.19-23.20.50:345][  0]LogWindows:    1. 'NVIDIA GeForce GTX 1070' (P:0 D:1)
[2017.08.19-23.20.50:346][  0]LogWindows:    2. 'NVIDIA GeForce GTX 1070' (P:0 D:0)
[2017.08.19-23.20.50:346][  0]LogWindows:    3. 'NVIDIA GeForce GTX 1070' (P:0 D:0)
[2017.08.19-23.20.50:346][  0]LogWindows: DebugString: FoundDriverCount:4 
[2017.08.19-23.20.50:346][  0]LogD3D11RHI:     Adapter Name: NVIDIA GeForce GTX 1070
[2017.08.19-23.20.50:346][  0]LogD3D11RHI:   Driver Version: 378.49 (internal:21.21.13.7849, unified:378.49)
[2017.08.19-23.20.50:346][  0]LogD3D11RHI:      Driver Date: 1-20-2017
[2017.08.19-23.20.50:346][  0]LogRHI: Texture pool is 1361 MB (70% of 1945 MB)
[2017.08.19-23.20.51:040][  0]LogD3D11RHI: Async texture creation enabled
[2017.08.19-23.20.51:111][  0]LogD3D11RHI: GPU Timing Frequency: 1000.000000 (Debug: 2 1)
[2017.08.19-23.20.51:207][  0]LogShaderCompilers: Guid format shader working directory is 32 characters bigger than the processId version (D:/ModularHouse/Intermediate/Shaders/WorkingDirectory/4572/).
[2017.08.19-23.20.51:207][  0]LogShaderCompilers: Cleaned the shader compiler working directory 'C:/Users/Justin/AppData/Local/Temp/UnrealShaderWorkingDir/CF64554A4AE030BDD472FDBEEEFF4222/'.
[2017.08.19-23.20.51:207][  0]LogShaderCompilers:Display: Using Local Shader Compiler.
[2017.08.19-23.20.58:345][  0]LogTemp:Display: Loaded TP AllDesktopTargetPlatform
[2017.08.19-23.20.58:452][  0]LogTemp:Display: Loaded TP MacClientTargetPlatform
[2017.08.19-23.20.58:556][  0]LogTemp:Display: Loaded TP MacNoEditorTargetPlatform
[2017.08.19-23.20.58:653][  0]LogTemp:Display: Loaded TP MacServerTargetPlatform
[2017.08.19-23.20.58:796][  0]LogTemp:Display: Loaded TP MacTargetPlatform
[2017.08.19-23.20.58:899][  0]LogTemp:Display: Loaded TP WindowsClientTargetPlatform
[2017.08.19-23.20.58:991][  0]LogTemp:Display: Loaded TP WindowsNoEditorTargetPlatform
[2017.08.19-23.20.59:102][  0]LogTemp:Display: Loaded TP WindowsServerTargetPlatform
[2017.08.19-23.20.59:208][  0]LogTemp:Display: Loaded TP WindowsTargetPlatform
[2017.08.19-23.20.59:323][  0]LogTemp:Display: Loaded TP AndroidTargetPlatform
[2017.08.19-23.20.59:432][  0]LogTemp:Display: Loaded TP Android_ASTCTargetPlatform
[2017.08.19-23.20.59:529][  0]LogTemp:Display: Loaded TP Android_ATCTargetPlatform
[2017.08.19-23.20.59:626][  0]LogTemp:Display: Loaded TP Android_DXTTargetPlatform
[2017.08.19-23.20.59:713][  0]LogTemp:Display: Loaded TP Android_ETC1TargetPlatform
[2017.08.19-23.20.59:808][  0]LogTemp:Display: Loaded TP Android_ETC2TargetPlatform
[2017.08.19-23.21.00:007][  0]LogTemp:Display: Loaded TP Android_MultiTargetPlatform
[2017.08.19-23.21.00:007][  0]LogTemp:Display: Loaded TP Android_PVRTCTargetPlatform
[2017.08.19-23.21.00:082][  0]LogTemp:Display: Loaded TP HTML5TargetPlatform
[2017.08.19-23.21.00:270][  0]LogTemp:Display: Loaded TP IOSTargetPlatform
[2017.08.19-23.21.00:323][  0]LogTemp:Display: Loaded TP TVOSTargetPlatform
[2017.08.19-23.21.00:410][  0]LogTemp:Display: Loaded TP LinuxClientTargetPlatform
[2017.08.19-23.21.00:518][  0]LogTemp:Display: Loaded TP LinuxNoEditorTargetPlatform
[2017.08.19-23.21.00:610][  0]LogTemp:Display: Loaded TP LinuxServerTargetPlatform
[2017.08.19-23.21.00:715][  0]LogTemp:Display: Loaded TP LinuxTargetPlatform
[2017.08.19-23.21.00:715][  0]LogTargetPlatformManager:Display: Building Assets For Windows
[2017.08.19-23.21.02:338][  0]LogDerivedDataCache:Display: Max Cache Size: 512 MB
[2017.08.19-23.21.03:593][  0]LogDerivedDataCache: Loaded boot cache 1.26s 90MB C:/Users/Justin/AppData/Local/UnrealEngine/4.16/DerivedDataCache/Boot.ddc.
[2017.08.19-23.21.03:593][  0]LogDerivedDataCache:Display: Loaded Boot cache: C:/Users/Justin/AppData/Local/UnrealEngine/4.16/DerivedDataCache/Boot.ddc
[2017.08.19-23.21.03:593][  0]LogDerivedDataCache: FDerivedDataBackendGraph:  Pak pak cache file D:/ModularHouse/DerivedDataCache/DDC.ddp not found, will not use a pak cache.
[2017.08.19-23.21.03:593][  0]LogDerivedDataCache: Unable to find inner node Pak for hierarchical cache Hierarchy.
[2017.08.19-23.21.03:593][  0]LogDerivedDataCache: FDerivedDataBackendGraph:  CompressedPak pak cache file D:/ModularHouse/DerivedDataCache/Compressed.ddp not found, will not use a pak cache.
[2017.08.19-23.21.03:593][  0]LogDerivedDataCache: Unable to find inner node CompressedPak for hierarchical cache Hierarchy.
[2017.08.19-23.21.03:676][  0]LogDerivedDataCache:Display: Pak cache opened for reading ../../../Engine/DerivedDataCache/Compressed.ddp.
[2017.08.19-23.21.03:688][  0]LogDerivedDataCache: Using Local data cache path C:/Users/Justin/AppData/Local/UnrealEngine/Common/DerivedDataCache: Writable
[2017.08.19-23.21.03:703][  0]LogMaterial: Verifying Global Shaders for PCD3D_SM5
[2017.08.19-23.21.03:703][  0]LogSlate: Using Freetype 2.6.0
[2017.08.19-23.21.03:793][  0]LogSlate: SlateFontCache - WITH_FREETYPE: 1, WITH_HARFBUZZ: 1
[2017.08.19-23.21.03:793][  0]LogSlate: SlateFontCache - WITH_FREETYPE: 1, WITH_HARFBUZZ: 1
[2017.08.19-23.21.10:744][  0]LogInit: Selected Device Profile: [Windows]
[2017.08.19-23.21.11:347][  0]LogContentStreaming: Texture pool size is 0.00 MB
[2017.08.19-23.21.12:073][  0]LogMeshUtilities: Using QuadricMeshReduction for automatic static mesh reduction
[2017.08.19-23.21.12:217][  0]LogSimplygon: Simplygon DLL not present - disabling.
[2017.08.19-23.21.12:358][  0]LogMeshUtilities: Using SimplygonSwarm for distributed automatic mesh merging
[2017.08.19-23.21.12:358][  0]LogMeshUtilities: No automatic skeletal mesh reduction module available
[2017.08.19-23.21.12:358][  0]LogMeshUtilities: No automatic mesh merging module available
[2017.08.19-23.21.16:063][  0]LogNetVersion: ModularSuburbanHouses , NetCL: 3452394, EngineNetVer: 2, GameNetVer: 0 (Checksum: 1205075742)
[2017.08.19-23.21.16:333][  0]LogAssetRegistry: FAssetRegistry took 0.0264 seconds to start up
[2017.08.19-23.21.16:405][  0]LogPackageLocalizationCache: Processed 4 localized package path(s) for 2 prioritized culture(s) in 0.030722 seconds
[2017.08.19-23.21.16:411][  0]LogUObjectArray: 34194 objects as part of root set at end of initial load.
[2017.08.19-23.21.16:411][  0]LogUObjectAllocator: 7260416 out of 0 bytes used by permanent object pool.
[2017.08.19-23.21.16:411][  0]LogUObjectArray: CloseDisregardForGC: 0/0 objects in disregard for GC pool
[2017.08.19-23.21.16:541][  0]LogInit: WinSock: version 1.1 (2.2), MaxSocks=32767, MaxUdp=65467
[2017.08.19-23.21.48:534][  0]LogTcpMessaging: Initializing TcpMessaging bridge
[2017.08.19-23.21.48:635][  0]LogUdpMessaging: Initializing bridge on interface 0.0.0.0:0 to multicast group 230.0.0.1:6666.
[2017.08.19-23.21.50:869][  0]LogMaterial: Uniform references updated for custom material expression Custom.
[2017.08.19-23.21.52:167][  0]SourceControl: Info Source control is disabled
[2017.08.19-23.21.52:544][  0]SourceControl: Info Source control is disabled
[2017.08.19-23.21.52:697][  0]SourceControl: Info Source control is disabled
[2017.08.19-23.21.52:808][  0]SourceControl: Info Source control is disabled
[2017.08.19-23.21.54:875][  0]LogAndroidPermission: UAndroidPermissionCallbackProxy::GetInstance
[2017.08.19-23.21.56:466][  0]LogEngine: Initializing Engine...
[2017.08.19-23.21.56:489][  0]LogHMD: Failed to initialize OpenVR with code 110
[2017.08.19-23.21.57:447][  0]LogStats: UGameplayTagsManager::ConstructGameplayTagTree: Construct from data asset -  0.000 s
[2017.08.19-23.21.57:447][  0]LogStats: UGameplayTagsManager::ConstructGameplayTagTree: GameplayTagTreeChangedEvent.Broadcast -  0.000 s
[2017.08.19-23.21.57:718][  0]LogAIModule: Creating AISystem for world Untitled
[2017.08.19-23.21.57:733][  0]LogInit: XAudio2 using 'Speakers (2- High Definition Audio Device)' : 2 channels at 44.1 kHz using 16 bits per sample (channel mask 0x3)
[2017.08.19-23.21.57:744][  0]LogInit: FAudioDevice initialized.
[2017.08.19-23.21.57:829][  0]LogDerivedDataCache: Saved boot cache 0.08s 90MB C:/Users/Justin/AppData/Local/UnrealEngine/4.16/DerivedDataCache/Boot.ddc.
[2017.08.19-23.21.57:848][  0]LogInit: Texture streaming: Enabled
[2017.08.19-23.21.58:115][  0]LogEngineSessionManager: EngineSessionManager initialized
[2017.08.19-23.21.58:654][  0]LogInit: Transaction tracking system initialized
[2017.08.19-23.21.59:718][  0]BlueprintLog: New page: Editor Load
[2017.08.19-23.22.02:443][  0]LocalizationService: Info Localization service is disabled
[2017.08.19-23.22.04:311][  0]LogConsoleResponse:Display: 
[2017.08.19-23.22.07:824][  0]LogCook:Display: Max memory allowance for cook 16384mb min free memory 0mb
[2017.08.19-23.22.07:824][  0]LogCook:Display: Mobile HDR setting 1
[2017.08.19-23.22.08:276][  0]LogFileCache: Scanning file cache for directory 'D:/ModularHouse/Content/' took 0.02s
[2017.08.19-23.22.13:295][  0]SourceControl: Info Source control is disabled
[2017.08.19-23.22.13:295][  0]Cmd: MAP LOAD FILE="D:/ModularHouse/Content/ModularSuburbanHouse/Maps/ModularHouseDemo.umap" TEMPLATE=0 SHOWPROGRESS=1 FEATURELEVEL=3
[2017.08.19-23.22.13:296][  0]LightingResults: New page: Lighting Build
[2017.08.19-23.22.13:408][  0]MapCheck: New page: Map Check
[2017.08.19-23.22.13:408][  0]LightingResults: New page: Lighting Build
[2017.08.19-23.22.16:971][  0]LogAIModule: Creating AISystem for world ModularHouseDemo
[2017.08.19-23.22.23:006][  0]LogEditorServer: Finished looking for orphan Actors (0.000 secs)
[2017.08.19-23.22.23:089][  0]Cmd: MAP CHECKDEP NOCLEARLOG
[2017.08.19-23.22.23:161][  0]MapCheck: Info Map check complete: 0 Error(s), 0 Warning(s), took 72.681ms to complete.
[2017.08.19-23.22.23:161][  0]LogFileHelpers: Loading map 'ModularHouseDemo' took 9.866
[2017.08.19-23.22.23:237][  0]LogWindowsTextInputMethodSystem:Display: IME system now deactivated.
[2017.08.19-23.22.23:714][  0]LogCollectionManager: Loaded 0 collections in 0.002239 seconds
[2017.08.19-23.22.23:866][  0]LogFileCache: Scanning file cache for directory 'D:/ModularHouse/Saved/Collections/' took 0.01s
[2017.08.19-23.22.23:866][  0]LogFileCache: Scanning file cache for directory 'D:/ModularHouse/Content/Developers/Justin/Collections/' took 0.01s
[2017.08.19-23.22.23:866][  0]LogFileCache: Scanning file cache for directory 'D:/ModularHouse/Content/Collections/' took 0.01s
[2017.08.19-23.22.23:866][  0]LogCollectionManager: Rebuilt the GUID cache for 0 collections in 0.000002 seconds
[2017.08.19-23.22.23:880][  0]LogContentBrowser: Native class hierarchy populated in 0.0134 seconds. Added 2329 classes and 491 folders.
[2017.08.19-23.22.24:020][  0]LogContentBrowser: Native class hierarchy updated for 'WidgetCarousel' in 0.0007 seconds. Added 0 classes and 0 folders.
[2017.08.19-23.22.25:929][  0]LogContentBrowser: Native class hierarchy updated for 'AddContentDialog' in 0.0007 seconds. Added 0 classes and 0 folders.
[2017.08.19-23.22.26:046][  0]LogContentBrowser: Native class hierarchy updated for 'SceneOutliner' in 0.0007 seconds. Added 1 classes and 2 folders.
[2017.08.19-23.22.26:302][  0]LogCrashTracker: Crashtracker disabled due to settings.
[2017.08.19-23.22.26:326][  0]LogSlate: Took 0.019160 seconds to synchronously load lazily loaded font '../../../Engine/Content/Slate/Fonts/Roboto-Regular.ttf' (155K)
[2017.08.19-23.22.26:371][  0]LogSlate: Took 0.042005 seconds to synchronously load lazily loaded font '../../../Engine/Content/Slate/Fonts/Roboto-Bold.ttf' (160K)
[2017.08.19-23.22.26:395][  0]LogSlate: Took 0.018554 seconds to synchronously load lazily loaded font '../../../Engine/Content/Editor/Slate/Fonts/FontAwesome.ttf' (139K)
[2017.08.19-23.22.26:726][  0]LogRenderer: Reallocating scene render targets to support 1200x460 NumSamples 1 (Frame:1).
[2017.08.19-23.22.26:871][  0]LogSlate: Took 0.069780 seconds to synchronously load lazily loaded font '../../../Engine/Content/Slate/Fonts/Roboto-Light.ttf' (159K)
[2017.08.19-23.22.26:945][  0]LogUObjectGlobals:Warning: Failed to find object 'Class None.'
[2017.08.19-23.22.27:215][  0]LogContentBrowser: Native class hierarchy updated for 'HierarchicalLODOutliner' in 0.0007 seconds. Added 1 classes and 2 folders.
[2017.08.19-23.22.27:215][  0]LogLoad: (Engine Initialization) Total time: 113.28 seconds
[2017.08.19-23.22.27:215][  0]LogLoad: (Engine Initialization) Total Blueprint compile time: 0.26 seconds
[2017.08.19-23.22.27:215][  0]LogExternalProfiler: Found external profiler: VSPerf
[2017.08.19-23.22.27:215][  0]LogExternalProfiler: Using external profiler: VSPerf
[2017.08.19-23.22.27:224][  0]LogOcInput: OculusInput pre-init called
[2017.08.19-23.22.27:224][  0]LogHMD: Starting GearVRController plugin
[2017.08.19-23.22.27:247][  0]LogContentStreaming: Texture pool size now 1000 MB
[2017.08.19-23.22.27:339][  0]LogSlate: Took 0.000249 seconds to synchronously load lazily loaded font '../../../Engine/Content/Slate/Fonts/Roboto-Light.ttf' (159K)
[2017.08.19-23.22.27:485][  1]LogAssetRegistry: Asset discovery search completed in 71.1737 seconds
[2017.08.19-23.22.27:486][  1]LogCollectionManager: Rebuilt the object cache for 0 collections in 0.000000 seconds (found 0 objects)
[2017.08.19-23.22.27:486][  1]LogCollectionManager: Fixed up redirectors for 0 collections in 0.000025 seconds (updated 0 objects)
[2017.08.19-23.22.57:128][490]LogSlate: Took 0.000239 seconds to synchronously load lazily loaded font '../../../Engine/Content/Slate/Fonts/Roboto-Light.ttf' (159K)
[2017.08.19-23.22.57:655][490]LogSlate: Took 0.000201 seconds to synchronously load lazily loaded font '../../../Engine/Content/Slate/Fonts/Roboto-Regular.ttf' (155K)
[2017.08.19-23.22.57:848][490]LogContentBrowser: Native class hierarchy updated for 'BlueprintGraph' in 0.0013 seconds. Added 112 classes and 0 folders.
[2017.08.19-23.22.59:031][490]LogSlate: Took 0.016866 seconds to synchronously load lazily loaded font '../../../Engine/Content/Editor/Slate/Fonts/Roboto-BoldCondensed.ttf' (158K)
[2017.08.19-23.22.59:342][491]LogSlate: Took 0.022337 seconds to synchronously load lazily loaded font '../../../Engine/Content/Editor/Slate/Fonts/Roboto-Italic.ttf' (157K)
[2017.08.19-23.23.50:889][131]LogFactory: FactoryCreateFile: StaticMesh with FbxFactory (0 0 D:/Documents/Content/Environments/Buildings/Suburban/LowPoly/SM_Roof_2.fbx)
[2017.08.19-23.23.50:901][131]LogFbx: ItemName: GlobalSettings, ItemCount : 1
[2017.08.19-23.23.50:901][131]LogFbx: ItemName: Geometry, ItemCount : 1
[2017.08.19-23.23.50:901][131]LogFbx: ItemName: Model, ItemCount : 1
[2017.08.19-23.23.50:901][131]LogFbx: ItemName: Material, ItemCount : 3
[2017.08.19-23.23.50:907][131]LogFbx: Loading FBX Scene from D:/Documents/Content/Environments/Buildings/Suburban/LowPoly/SM_Roof_2.fbx
[2017.08.19-23.23.50:914][131]LogFbx: FBX Scene Loaded Succesfully
[2017.08.19-23.23.58:535][131]LogFbx: Loading FBX Scene from D:/Documents/Content/Environments/Buildings/Suburban/LowPoly/SM_Roof_2.fbx
[2017.08.19-23.23.58:544][131]LogFbx: FBX Scene Loaded Succesfully
[2017.08.19-23.23.58:547][131]LogFbx:Warning: Triangulating static mesh SM_Roof_2
[2017.08.19-23.23.58:560][131]LogStaticMesh: Building static mesh SM_Roof_2...
[2017.08.19-23.23.58:562][131]LogStaticMesh: Built static mesh [0.01s] /Game/ModularSuburbanHouse/Environment/Buildings/Mesh/Floors/SM_Roof_2.SM_Roof_2
[2017.08.19-23.24.03:599][349]LogSavePackage: Save=14.92ms
[2017.08.19-23.24.03:599][349]LogSavePackage: Moving 'D:/ModularHouse/Saved/SM_Roof_2B29A53E541D5B02857FB2C8C5FBCAC8E.tmp' to 'D:/ModularHouse/Content/ModularSuburbanHouse/Environment/Buildings/Mesh/Floors/SM_Roof_2.uasset'
[2017.08.19-23.24.03:603][349]LogSavePackage:Display: Finished SavePackage D:/ModularHouse/Content/ModularSuburbanHouse/Environment/Buildings/Mesh/Floors/SM_Roof_2.uasset
[2017.08.19-23.24.07:049][592]LogEditorFactories: Performing atomic reimport of [D:/Documents/Content/Environments/Buildings/Suburban/LowPoly/SM_Ceiling_2.fbx]
[2017.08.19-23.24.07:076][592]LogFbx: Loading FBX Scene from D:/Documents/Content/Environments/Buildings/Suburban/LowPoly/SM_Ceiling_2.fbx
[2017.08.19-23.24.07:084][592]LogFbx: FBX Scene Loaded Succesfully
[2017.08.19-23.24.07:120][592]LogFbx:Warning: Triangulating static mesh SM_Ceiling_2
[2017.08.19-23.24.07:154][592]LogStaticMesh: Building static mesh SM_Ceiling_2...
[2017.08.19-23.24.07:157][592]LogStaticMesh: Built static mesh [0.02s] /Game/ModularSuburbanHouse/Environment/Buildings/Mesh/Floors/SM_Ceiling_2.SM_Ceiling_2
[2017.08.19-23.24.07:290][592]LogEditorFactories: -- imported successfully
[2017.08.19-23.24.07:345][592]LogEditorFactories: Performing atomic reimport of [D:/Documents/Content/Environments/Buildings/Suburban/LowPoly/SM_Foundation_2.fbx]
[2017.08.19-23.24.07:378][592]LogFbx: Loading FBX Scene from D:/Documents/Content/Environments/Buildings/Suburban/LowPoly/SM_Foundation_2.fbx
[2017.08.19-23.24.07:386][592]LogFbx: FBX Scene Loaded Succesfully
[2017.08.19-23.24.07:390][592]LogFbx:Warning: Triangulating static mesh SM_Foundation_2
[2017.08.19-23.24.07:424][592]LogStaticMesh: Building static mesh SM_Foundation_2...
[2017.08.19-23.24.07:425][592]LogStaticMesh: Built static mesh [0.01s] /Game/ModularSuburbanHouse/Environment/Buildings/Mesh/Floors/SM_Foundation_2.SM_Foundation_2
[2017.08.19-23.24.07:523][592]LogEditorFactories: -- imported successfully
[2017.08.19-23.24.23:403][777]LogSavePackage: Save=14.19ms
[2017.08.19-23.24.23:403][777]LogSavePackage: Moving 'D:/ModularHouse/Saved/SM_Ceiling_2326A65BB429F67BEA65361B9AD93502C.tmp' to 'D:/ModularHouse/Content/ModularSuburbanHouse/Environment/Buildings/Mesh/Floors/SM_Ceiling_2.uasset'
[2017.08.19-23.24.23:404][777]LogSavePackage:Display: Finished SavePackage D:/ModularHouse/Content/ModularSuburbanHouse/Environment/Buildings/Mesh/Floors/SM_Ceiling_2.uasset
[2017.08.19-23.24.23:457][777]LogSavePackage: Save=14.41ms
[2017.08.19-23.24.23:457][777]LogSavePackage: Moving 'D:/ModularHouse/Saved/SM_Foundation_2F18DF21F4ADB0F104850F6AE9AD8F586.tmp' to 'D:/ModularHouse/Content/ModularSuburbanHouse/Environment/Buildings/Mesh/Floors/SM_Foundation_2.uasset'
[2017.08.19-23.24.23:459][777]LogSavePackage:Display: Finished SavePackage D:/ModularHouse/Content/ModularSuburbanHouse/Environment/Buildings/Mesh/Floors/SM_Foundation_2.uasset
[2017.08.19-23.24.23:483][777]Cmd: OBJ SAVEPACKAGE PACKAGE="/Game/ModularSuburbanHouse/Environment/Buildings/ModularFloor" FILE="D:/ModularHouse/Content/ModularSuburbanHouse/Environment/Buildings/ModularFloor.uasset" SILENT=true
[2017.08.19-23.24.23:566][777]LogSavePackage: Save=70.88ms
[2017.08.19-23.24.23:566][777]LogSavePackage: Moving 'D:/ModularHouse/Saved/ModularFloor3222C2494A9B2EAEEAE397A9A71535E4.tmp' to 'D:/ModularHouse/Content/ModularSuburbanHouse/Environment/Buildings/ModularFloor.uasset'
[2017.08.19-23.24.23:567][777]LogSavePackage:Display: Finished SavePackage D:/ModularHouse/Content/ModularSuburbanHouse/Environment/Buildings/ModularFloor.uasset
[2017.08.19-23.24.58:820][926]LogEditorTransaction: Undo Move Node
[2017.08.19-23.25.45:197][541]BlueprintLog: New page: Compile ModularFloor
[2017.08.19-23.25.45:894][588]Cmd: OBJ SAVEPACKAGE PACKAGE="/Game/ModularSuburbanHouse/Environment/Buildings/ModularFloor" FILE="D:/ModularHouse/Content/ModularSuburbanHouse/Environment/Buildings/ModularFloor.uasset" SILENT=true
[2017.08.19-23.25.45:974][588]LogSavePackage: Save=71.12ms
[2017.08.19-23.25.45:974][588]LogSavePackage: Moving 'D:/ModularHouse/Saved/ModularFloorBD4A5BEE4270945B99BC41A390247084.tmp' to 'D:/ModularHouse/Content/ModularSuburbanHouse/Environment/Buildings/ModularFloor.uasset'
[2017.08.19-23.25.45:976][588]LogSavePackage:Display: Finished SavePackage D:/ModularHouse/Content/ModularSuburbanHouse/Environment/Buildings/ModularFloor.uasset
[2017.08.19-23.26.04:615][374]LogSlate: Took 0.028116 seconds to synchronously load lazily loaded font '../../../Engine/Content/Editor/Slate/Fonts/Roboto-BoldCondensedItalic.ttf' (160K)
[2017.08.19-23.26.32:557][ 43]BlueprintLog: New page: Compile ModularFloor
[2017.08.19-23.26.33:500][117]Cmd: OBJ SAVEPACKAGE PACKAGE="/Game/ModularSuburbanHouse/Environment/Buildings/ModularFloor" FILE="D:/ModularHouse/Content/ModularSuburbanHouse/Environment/Buildings/ModularFloor.uasset" SILENT=true
[2017.08.19-23.26.33:582][117]LogSavePackage: Save=73.64ms
[2017.08.19-23.26.33:582][117]LogSavePackage: Moving 'D:/ModularHouse/Saved/ModularFloor0A7DB17B416F476A88DDFF82394F310B.tmp' to 'D:/ModularHouse/Content/ModularSuburbanHouse/Environment/Buildings/ModularFloor.uasset'
[2017.08.19-23.26.33:583][117]LogSavePackage:Display: Finished SavePackage D:/ModularHouse/Content/ModularSuburbanHouse/Environment/Buildings/ModularFloor.uasset
[2017.08.19-23.26.45:184][167]BlueprintLog: New page: Compile ModularFloor
[2017.08.19-23.26.45:942][203]Cmd: OBJ SAVEPACKAGE PACKAGE="/Game/ModularSuburbanHouse/Environment/Buildings/ModularFloor" FILE="D:/ModularHouse/Content/ModularSuburbanHouse/Environment/Buildings/ModularFloor.uasset" SILENT=true
[2017.08.19-23.26.46:022][203]LogSavePackage: Save=70.03ms
[2017.08.19-23.26.46:022][203]LogSavePackage: Moving 'D:/ModularHouse/Saved/ModularFloorD0063D344000EF46003298A851592417.tmp' to 'D:/ModularHouse/Content/ModularSuburbanHouse/Environment/Buildings/ModularFloor.uasset'
[2017.08.19-23.26.46:023][203]LogSavePackage:Display: Finished SavePackage D:/ModularHouse/Content/ModularSuburbanHouse/Environment/Buildings/ModularFloor.uasset
[2017.08.19-23.27.22:597][805]LogEditorViewport: Clicking on Actor (LMB): ModularWall_C (ModularWall)
[2017.08.19-23.27.32:181][421]LogRenderer: Reallocating scene render targets to support 1432x924 NumSamples 1 (Frame:1).
[2017.08.19-23.27.43:159][319]BlueprintLog: New page: Compile ModularFloor
[2017.08.19-23.27.43:801][356]Cmd: OBJ SAVEPACKAGE PACKAGE="/Game/ModularSuburbanHouse/Environment/Buildings/ModularFloor" FILE="D:/ModularHouse/Content/ModularSuburbanHouse/Environment/Buildings/ModularFloor.uasset" SILENT=true
[2017.08.19-23.27.43:879][356]LogSavePackage: Save=69.46ms
[2017.08.19-23.27.43:879][356]LogSavePackage: Moving 'D:/ModularHouse/Saved/ModularFloorD7CA184C46DD78BDEFD835B63805E20C.tmp' to 'D:/ModularHouse/Content/ModularSuburbanHouse/Environment/Buildings/ModularFloor.uasset'
[2017.08.19-23.27.43:881][356]LogSavePackage:Display: Finished SavePackage D:/ModularHouse/Content/ModularSuburbanHouse/Environment/Buildings/ModularFloor.uasset
[2017.08.19-23.27.59:682][654]BlueprintLog: New page: Compile ModularFloor
[2017.08.19-23.28.00:378][692]Cmd: OBJ SAVEPACKAGE PACKAGE="/Game/ModularSuburbanHouse/Environment/Buildings/ModularFloor" FILE="D:/ModularHouse/Content/ModularSuburbanHouse/Environment/Buildings/ModularFloor.uasset" SILENT=true
[2017.08.19-23.28.00:472][692]LogSavePackage: Save=85.21ms
[2017.08.19-23.28.00:472][692]LogSavePackage: Moving 'D:/ModularHouse/Saved/ModularFloorC77BAE464C388A17115EA89D22E8F42C.tmp' to 'D:/ModularHouse/Content/ModularSuburbanHouse/Environment/Buildings/ModularFloor.uasset'
[2017.08.19-23.28.00:474][692]LogSavePackage:Display: Finished SavePackage D:/ModularHouse/Content/ModularSuburbanHouse/Environment/Buildings/ModularFloor.uasset
[2017.08.19-23.28.30:099][188]BlueprintLog: New page: Compile ModularFloor
[2017.08.19-23.28.30:573][212]Cmd: OBJ SAVEPACKAGE PACKAGE="/Game/ModularSuburbanHouse/Environment/Buildings/ModularFloor" FILE="D:/ModularHouse/Content/ModularSuburbanHouse/Environment/Buildings/ModularFloor.uasset" SILENT=true
[2017.08.19-23.28.30:666][212]LogSavePackage: Save=83.79ms
[2017.08.19-23.28.30:666][212]LogSavePackage: Moving 'D:/ModularHouse/Saved/ModularFloorC85C629A4E7DA02A18481D99B17FFF63.tmp' to 'D:/ModularHouse/Content/ModularSuburbanHouse/Environment/Buildings/ModularFloor.uasset'
[2017.08.19-23.28.30:666][212]LogSavePackage:Display: Finished SavePackage D:/ModularHouse/Content/ModularSuburbanHouse/Environment/Buildings/ModularFloor.uasset
[2017.08.19-23.39.21:819][126]Cmd: OBJ SAVEPACKAGE PACKAGE="/Game/ModularSuburbanHouse/Maps/ModularHouseDemo" FILE="D:/ModularHouse/Content/ModularSuburbanHouse/Maps/ModularHouseDemo.umap" SILENT=true AUTOSAVING=false KEEPDIRTY=false
[2017.08.19-23.39.22:098][126]LogSavePackage: Save=239.92ms
[2017.08.19-23.39.22:098][126]LogSavePackage: Moving 'D:/ModularHouse/Saved/ModularHouseDemo35FEF3EB40B779061206FE8D8925D3F5.tmp' to 'D:/ModularHouse/Content/ModularSuburbanHouse/Maps/ModularHouseDemo.umap'
[2017.08.19-23.39.22:099][126]LogSavePackage:Display: Finished SavePackage D:/ModularHouse/Content/ModularSuburbanHouse/Maps/ModularHouseDemo.umap
[2017.08.19-23.39.22:135][126]Cmd: OBJ SAVEPACKAGE PACKAGE="/Game/ModularSuburbanHouse/Maps/ModularHouseDemo_BuiltData" FILE="D:/ModularHouse/Content/ModularSuburbanHouse/Maps/ModularHouseDemo_BuiltData.uasset" SILENT=true
[2017.08.19-23.39.22:698][126]LogSavePackage: Save=527.27ms
[2017.08.19-23.39.22:698][126]LogSavePackage: Moving 'D:/ModularHouse/Saved/ModularHouseDemo_BuiltData134AA14C4C475D16BC7350B3CD409AB9.tmp' to 'D:/ModularHouse/Content/ModularSuburbanHouse/Maps/ModularHouseDemo_BuiltData.uasset'
[2017.08.19-23.39.22:700][126]LogSavePackage:Display: Finished SavePackage D:/ModularHouse/Content/ModularSuburbanHouse/Maps/ModularHouseDemo_BuiltData.uasset
[2017.08.19-23.39.51:262][350]LogRenderer: Reallocating scene render targets to support 1916x1016 NumSamples 1 (Frame:1).
[2017.08.19-23.41.25:860][410]BlueprintLog: New page: Compile ModularFloor
[2017.08.19-23.41.26:716][454]Cmd: OBJ SAVEPACKAGE PACKAGE="/Game/ModularSuburbanHouse/Environment/Buildings/ModularFloor" FILE="D:/ModularHouse/Content/ModularSuburbanHouse/Environment/Buildings/ModularFloor.uasset" SILENT=true
[2017.08.19-23.41.26:805][454]LogSavePackage: Save=76.99ms
[2017.08.19-23.41.26:805][454]LogSavePackage: Moving 'D:/ModularHouse/Saved/ModularFloor36F8836F49C7CF15784E22BBE1119905.tmp' to 'D:/ModularHouse/Content/ModularSuburbanHouse/Environment/Buildings/ModularFloor.uasset'
[2017.08.19-23.41.26:807][454]LogSavePackage:Display: Finished SavePackage D:/ModularHouse/Content/ModularSuburbanHouse/Environment/Buildings/ModularFloor.uasset
[2017.08.19-23.43.09:349][774]BlueprintLog: New page: Compile ModularFloor
[2017.08.19-23.43.10:451][841]Cmd: OBJ SAVEPACKAGE PACKAGE="/Game/ModularSuburbanHouse/Environment/Buildings/ModularFloor" FILE="D:/ModularHouse/Content/ModularSuburbanHouse/Environment/Buildings/ModularFloor.uasset" SILENT=true
[2017.08.19-23.43.10:536][841]LogSavePackage: Save=74.55ms
[2017.08.19-23.43.10:536][841]LogSavePackage: Moving 'D:/ModularHouse/Saved/ModularFloor6BE9D70B4272CE5DCC613D84D000F81A.tmp' to 'D:/ModularHouse/Content/ModularSuburbanHouse/Environment/Buildings/ModularFloor.uasset'
[2017.08.19-23.43.10:538][841]LogSavePackage:Display: Finished SavePackage D:/ModularHouse/Content/ModularSuburbanHouse/Environment/Buildings/ModularFloor.uasset
[2017.08.19-23.43.48:986][706]BlueprintLog: New page: Compile ModularFloor
[2017.08.19-23.43.53:365][ 19]BlueprintLog: New page: Compile ModularFloor
[2017.08.19-23.43.54:261][ 70]Cmd: OBJ SAVEPACKAGE PACKAGE="/Game/ModularSuburbanHouse/Environment/Buildings/ModularFloor" FILE="D:/ModularHouse/Content/ModularSuburbanHouse/Environment/Buildings/ModularFloor.uasset" SILENT=true
[2017.08.19-23.43.54:350][ 70]LogSavePackage: Save=79.61ms
[2017.08.19-23.43.54:350][ 70]LogSavePackage: Moving 'D:/ModularHouse/Saved/ModularFloorB8E4F27C40B83F2EDE046699370FC6B1.tmp' to 'D:/ModularHouse/Content/ModularSuburbanHouse/Environment/Buildings/ModularFloor.uasset'
[2017.08.19-23.43.54:352][ 70]LogSavePackage:Display: Finished SavePackage D:/ModularHouse/Content/ModularSuburbanHouse/Environment/Buildings/ModularFloor.uasset
[2017.08.19-23.44.01:449][599]BlueprintLog: New page: Compile ModularFloor
[2017.08.19-23.44.02:296][650]Cmd: OBJ SAVEPACKAGE PACKAGE="/Game/ModularSuburbanHouse/Environment/Buildings/ModularFloor" FILE="D:/ModularHouse/Content/ModularSuburbanHouse/Environment/Buildings/ModularFloor.uasset" SILENT=true
[2017.08.19-23.44.02:384][650]LogSavePackage: Save=72.38ms
[2017.08.19-23.44.02:384][650]LogSavePackage: Moving 'D:/ModularHouse/Saved/ModularFloorD2B26C1343A8C45EC00A9890221C974F.tmp' to 'D:/ModularHouse/Content/ModularSuburbanHouse/Environment/Buildings/ModularFloor.uasset'
[2017.08.19-23.44.02:386][650]LogSavePackage:Display: Finished SavePackage D:/ModularHouse/Content/ModularSuburbanHouse/Environment/Buildings/ModularFloor.uasset
[2017.08.19-23.44.05:740][911]LogEditorViewport: Clicking on Actor (LMB): ModularWall_C (ModularWall)
[2017.08.19-23.44.36:640][266]BlueprintLog: New page: Compile ModularFloor
[2017.08.19-23.44.50:006][262]BlueprintLog: New page: Compile ModularFloor
[2017.08.19-23.44.56:596][740]BlueprintLog: New page: Compile ModularFloor
[2017.08.19-23.44.57:103][765]Cmd: OBJ SAVEPACKAGE PACKAGE="/Game/ModularSuburbanHouse/Environment/Buildings/ModularFloor" FILE="D:/ModularHouse/Content/ModularSuburbanHouse/Environment/Buildings/ModularFloor.uasset" SILENT=true
[2017.08.19-23.44.57:185][765]LogSavePackage: Save=73.11ms
[2017.08.19-23.44.57:185][765]LogSavePackage: Moving 'D:/ModularHouse/Saved/ModularFloor7D1B41474D7AF137C8F965A29E1B5C4B.tmp' to 'D:/ModularHouse/Content/ModularSuburbanHouse/Environment/Buildings/ModularFloor.uasset'
[2017.08.19-23.44.57:187][765]LogSavePackage:Display: Finished SavePackage D:/ModularHouse/Content/ModularSuburbanHouse/Environment/Buildings/ModularFloor.uasset
[2017.08.19-23.45.04:782][340]BlueprintLog: New page: Compile ModularFloor
[2017.08.19-23.45.09:867][685]BlueprintLog: New page: Compile ModularFloor
[2017.08.19-23.45.33:883][423]LogEditorViewport: Clicking Background
[2017.08.19-23.45.55:509][250]LogEditorViewport: Clicking on Actor (LMB): ModularFloor_C (ModularFloor)
[2017.08.19-23.46.07:276][ 87]LogEditorViewport: Clicking on Actor (context menu): ModularWall_C (ModularWall)
[2017.08.19-23.46.07:738][109]LogEditorViewport: Clicking on Actor (LMB): ModularWall_C (ModularWall)
[2017.08.19-23.46.12:431][428]LogEditorViewport: Clicking on Actor (context menu): ModularWall_C (ModularWall)
[2017.08.19-23.46.34:347][958]LogEditorViewport: Clicking on Actor (LMB): ModularFloor_C (ModularFloor)
[2017.08.19-23.46.35:282][ 24]LogEditorViewport: Clicking on Actor (LMB): ModularWall_C (ModularWall)
[2017.08.19-23.46.46:334][824]LogEditorViewport: Clicking on Actor (LMB): ModularFloor_C (ModularFloor)
[2017.08.19-23.46.47:391][898]LogEditorViewport: Clicking on Actor (LMB): Landscape (Landscape)
[2017.08.19-23.46.48:683][988]LogEditorViewport: Clicking Background
[2017.08.19-23.46.52:068][262]LogEditorViewport: Clicking on Actor (LMB): Landscape (Landscape)
[2017.08.19-23.46.55:270][498]LogEditorViewport: Clicking on Actor (LMB): ModularWall_C (ModularWall)
[2017.08.19-23.47.07:898][397]LogEditorViewport: Clicking on Actor (LMB): Landscape (Landscape)
[2017.08.19-23.47.08:687][453]LogEditorViewport: Clicking on Actor (LMB): ModularWall_C (ModularWall)
[2017.08.19-23.47.10:900][615]LogEditorViewport: Clicking on Actor (LMB): Landscape (Landscape)
[2017.08.19-23.47.19:008][201]LogEditorViewport: Clicking on Actor (LMB): ModularFloor_C (ModularFloor)
[2017.08.19-23.47.28:546][911]BlueprintLog: New page: Compile ModularFloor
[2017.08.19-23.47.31:630][127]BlueprintLog: New page: Compile ModularFloor
[2017.08.19-23.47.32:515][178]Cmd: OBJ SAVEPACKAGE PACKAGE="/Game/ModularSuburbanHouse/Environment/Buildings/ModularFloor" FILE="D:/ModularHouse/Content/ModularSuburbanHouse/Environment/Buildings/ModularFloor.uasset" SILENT=true
[2017.08.19-23.47.32:605][178]LogSavePackage: Save=75.28ms
[2017.08.19-23.47.32:605][178]LogSavePackage: Moving 'D:/ModularHouse/Saved/ModularFloor06ED11BA4AA05675A5A5DCA8B8505547.tmp' to 'D:/ModularHouse/Content/ModularSuburbanHouse/Environment/Buildings/ModularFloor.uasset'
[2017.08.19-23.47.32:607][178]LogSavePackage:Display: Finished SavePackage D:/ModularHouse/Content/ModularSuburbanHouse/Environment/Buildings/ModularFloor.uasset
[2017.08.19-23.47.40:204][739]BlueprintLog: New page: Compile ModularFloor
[2017.08.19-23.47.44:285][ 28]BlueprintLog: New page: Compile ModularFloor
[2017.08.19-23.47.48:679][342]BlueprintLog: New page: Compile ModularFloor
[2017.08.19-23.48.07:897][747]BlueprintLog: New page: Compile ModularFloor
[2017.08.19-23.48.08:683][787]Cmd: OBJ SAVEPACKAGE PACKAGE="/Game/ModularSuburbanHouse/Environment/Buildings/ModularFloor" FILE="D:/ModularHouse/Content/ModularSuburbanHouse/Environment/Buildings/ModularFloor.uasset" SILENT=true
[2017.08.19-23.48.08:773][787]LogSavePackage: Save=80.26ms
[2017.08.19-23.48.08:773][787]LogSavePackage: Moving 'D:/ModularHouse/Saved/ModularFloorB1C890BC4C3C97090E0EC598156222D4.tmp' to 'D:/ModularHouse/Content/ModularSuburbanHouse/Environment/Buildings/ModularFloor.uasset'
[2017.08.19-23.48.08:775][787]LogSavePackage:Display: Finished SavePackage D:/ModularHouse/Content/ModularSuburbanHouse/Environment/Buildings/ModularFloor.uasset
[2017.08.19-23.49.03:657][681]BlueprintLog: New page: Compile ModularFloor
[2017.08.19-23.49.04:460][726]Cmd: OBJ SAVEPACKAGE PACKAGE="/Game/ModularSuburbanHouse/Environment/Buildings/ModularFloor" FILE="D:/ModularHouse/Content/ModularSuburbanHouse/Environment/Buildings/ModularFloor.uasset" SILENT=true
[2017.08.19-23.49.04:549][726]LogSavePackage: Save=79.62ms
[2017.08.19-23.49.04:549][726]LogSavePackage: Moving 'D:/ModularHouse/Saved/ModularFloor817ECB58442972791808A6BF459099DE.tmp' to 'D:/ModularHouse/Content/ModularSuburbanHouse/Environment/Buildings/ModularFloor.uasset'
[2017.08.19-23.49.04:551][726]LogSavePackage:Display: Finished SavePackage D:/ModularHouse/Content/ModularSuburbanHouse/Environment/Buildings/ModularFloor.uasset
[2017.08.19-23.49.15:562][536]BlueprintLog: New page: Compile ModularFloor
[2017.08.19-23.49.17:172][639]Cmd: OBJ SAVEPACKAGE PACKAGE="/Game/ModularSuburbanHouse/Environment/Buildings/ModularFloor" FILE="D:/ModularHouse/Content/ModularSuburbanHouse/Environment/Buildings/ModularFloor.uasset" SILENT=true
[2017.08.19-23.49.17:258][639]LogSavePackage: Save=77.31ms
[2017.08.19-23.49.17:258][639]LogSavePackage: Moving 'D:/ModularHouse/Saved/ModularFloorCAD7D6F8442FB08D37C311A1799D0CA6.tmp' to 'D:/ModularHouse/Content/ModularSuburbanHouse/Environment/Buildings/ModularFloor.uasset'
[2017.08.19-23.49.17:260][639]LogSavePackage:Display: Finished SavePackage D:/ModularHouse/Content/ModularSuburbanHouse/Environment/Buildings/ModularFloor.uasset
[2017.08.19-23.49.29:502][516]Cmd: OBJ SAVEPACKAGE PACKAGE="/Game/ModularSuburbanHouse/Maps/ModularHouseDemo" FILE="D:/ModularHouse/Content/ModularSuburbanHouse/Maps/ModularHouseDemo.umap" SILENT=true AUTOSAVING=false KEEPDIRTY=false
[2017.08.19-23.49.29:781][516]LogSavePackage: Save=233.43ms
[2017.08.19-23.49.29:781][516]LogSavePackage: Moving 'D:/ModularHouse/Saved/ModularHouseDemo4410C625479D204C1055189A42134659.tmp' to 'D:/ModularHouse/Content/ModularSuburbanHouse/Maps/ModularHouseDemo.umap'
[2017.08.19-23.49.29:783][516]LogSavePackage:Display: Finished SavePackage D:/ModularHouse/Content/ModularSuburbanHouse/Maps/ModularHouseDemo.umap
[2017.08.19-23.49.29:811][516]Cmd: OBJ SAVEPACKAGE PACKAGE="/Game/ModularSuburbanHouse/Maps/ModularHouseDemo_BuiltData" FILE="D:/ModularHouse/Content/ModularSuburbanHouse/Maps/ModularHouseDemo_BuiltData.uasset" SILENT=true
[2017.08.19-23.49.30:298][516]LogSavePackage: Save=458.59ms
[2017.08.19-23.49.30:299][516]LogSavePackage: Moving 'D:/ModularHouse/Saved/ModularHouseDemo_BuiltData8B4CA7D640AF1238804E7EB15179BE82.tmp' to 'D:/ModularHouse/Content/ModularSuburbanHouse/Maps/ModularHouseDemo_BuiltData.uasset'
[2017.08.19-23.49.30:304][516]LogSavePackage:Display: Finished SavePackage D:/ModularHouse/Content/ModularSuburbanHouse/Maps/ModularHouseDemo_BuiltData.uasset
[2017.08.19-23.50.00:576][625]BlueprintLog: New page: Compile ModularFloor
[2017.08.19-23.50.01:359][648]Cmd: OBJ SAVEPACKAGE PACKAGE="/Game/ModularSuburbanHouse/Environment/Buildings/ModularFloor" FILE="D:/ModularHouse/Content/ModularSuburbanHouse/Environment/Buildings/ModularFloor.uasset" SILENT=true
[2017.08.19-23.50.01:440][648]LogSavePackage: Save=74.35ms
[2017.08.19-23.50.01:440][648]LogSavePackage: Moving 'D:/ModularHouse/Saved/ModularFloorB275243148905CD07414398662609677.tmp' to 'D:/ModularHouse/Content/ModularSuburbanHouse/Environment/Buildings/ModularFloor.uasset'
[2017.08.19-23.50.01:442][648]LogSavePackage:Display: Finished SavePackage D:/ModularHouse/Content/ModularSuburbanHouse/Environment/Buildings/ModularFloor.uasset
[2017.08.19-23.50.09:094][179]Cmd: OBJ SAVEPACKAGE PACKAGE="/Game/ModularSuburbanHouse/Maps/ModularHouseDemo" FILE="D:/ModularHouse/Content/ModularSuburbanHouse/Maps/ModularHouseDemo.umap" SILENT=true AUTOSAVING=false KEEPDIRTY=false
[2017.08.19-23.50.09:359][179]LogSavePackage: Save=228.54ms
[2017.08.19-23.50.09:359][179]LogSavePackage: Moving 'D:/ModularHouse/Saved/ModularHouseDemo02DAD93F48B9813E2711AFAA5900D9E1.tmp' to 'D:/ModularHouse/Content/ModularSuburbanHouse/Maps/ModularHouseDemo.umap'
[2017.08.19-23.50.09:361][179]LogSavePackage:Display: Finished SavePackage D:/ModularHouse/Content/ModularSuburbanHouse/Maps/ModularHouseDemo.umap
[2017.08.19-23.50.09:388][179]Cmd: OBJ SAVEPACKAGE PACKAGE="/Game/ModularSuburbanHouse/Maps/ModularHouseDemo_BuiltData" FILE="D:/ModularHouse/Content/ModularSuburbanHouse/Maps/ModularHouseDemo_BuiltData.uasset" SILENT=true
[2017.08.19-23.50.09:841][179]LogSavePackage: Save=446.56ms
[2017.08.19-23.50.09:841][179]LogSavePackage: Moving 'D:/ModularHouse/Saved/ModularHouseDemo_BuiltData9A1F605A401ABA7992FA2BBC36A27E2D.tmp' to 'D:/ModularHouse/Content/ModularSuburbanHouse/Maps/ModularHouseDemo_BuiltData.uasset'
[2017.08.19-23.50.09:843][179]LogSavePackage:Display: Finished SavePackage D:/ModularHouse/Content/ModularSuburbanHouse/Maps/ModularHouseDemo_BuiltData.uasset
[2017.08.19-23.52.00:023][973]BlueprintLog: New page: Compile ModularFloor
[2017.08.19-23.52.01:145][ 17]Cmd: OBJ SAVEPACKAGE PACKAGE="/Game/ModularSuburbanHouse/Environment/Buildings/ModularFloor" FILE="D:/ModularHouse/Content/ModularSuburbanHouse/Environment/Buildings/ModularFloor.uasset" SILENT=true
[2017.08.19-23.52.01:227][ 17]LogSavePackage: Save=75.37ms
[2017.08.19-23.52.01:227][ 17]LogSavePackage: Moving 'D:/ModularHouse/Saved/ModularFloorDC64564A433CB91A1BE5739A21793F24.tmp' to 'D:/ModularHouse/Content/ModularSuburbanHouse/Environment/Buildings/ModularFloor.uasset'
[2017.08.19-23.52.01:228][ 17]LogSavePackage:Display: Finished SavePackage D:/ModularHouse/Content/ModularSuburbanHouse/Environment/Buildings/ModularFloor.uasset
[2017.08.19-23.52.04:561][237]BlueprintLog: New page: Compile ModularFloor
[2017.08.19-23.52.05:109][261]Cmd: OBJ SAVEPACKAGE PACKAGE="/Game/ModularSuburbanHouse/Environment/Buildings/ModularFloor" FILE="D:/ModularHouse/Content/ModularSuburbanHouse/Environment/Buildings/ModularFloor.uasset" SILENT=true
[2017.08.19-23.52.05:192][261]LogSavePackage: Save=73.80ms
[2017.08.19-23.52.05:192][261]LogSavePackage: Moving 'D:/ModularHouse/Saved/ModularFloorAD84A4F5479FF565A282188CF9901434.tmp' to 'D:/ModularHouse/Content/ModularSuburbanHouse/Environment/Buildings/ModularFloor.uasset'
[2017.08.19-23.52.05:194][261]LogSavePackage:Display: Finished SavePackage D:/ModularHouse/Content/ModularSuburbanHouse/Environment/Buildings/ModularFloor.uasset
[2017.08.19-23.54.34:239][826]BlueprintLog: New page: Compile ModularFloor
[2017.08.19-23.54.34:799][851]Cmd: OBJ SAVEPACKAGE PACKAGE="/Game/ModularSuburbanHouse/Environment/Buildings/ModularFloor" FILE="D:/ModularHouse/Content/ModularSuburbanHouse/Environment/Buildings/ModularFloor.uasset" SILENT=true
[2017.08.19-23.54.34:890][851]LogSavePackage: Save=76.81ms
[2017.08.19-23.54.34:890][851]LogSavePackage: Moving 'D:/ModularHouse/Saved/ModularFloor8073B29748030069B7AEAABBA4D7CBA9.tmp' to 'D:/ModularHouse/Content/ModularSuburbanHouse/Environment/Buildings/ModularFloor.uasset'
[2017.08.19-23.54.34:892][851]LogSavePackage:Display: Finished SavePackage D:/ModularHouse/Content/ModularSuburbanHouse/Environment/Buildings/ModularFloor.uasset
[2017.08.19-23.55.20:059][301]BlueprintLog: New page: Compile ModularFloor
[2017.08.19-23.55.20:509][320]Cmd: OBJ SAVEPACKAGE PACKAGE="/Game/ModularSuburbanHouse/Environment/Buildings/ModularFloor" FILE="D:/ModularHouse/Content/ModularSuburbanHouse/Environment/Buildings/ModularFloor.uasset" SILENT=true
[2017.08.19-23.55.20:598][320]LogSavePackage: Save=79.26ms
[2017.08.19-23.55.20:598][320]LogSavePackage: Moving 'D:/ModularHouse/Saved/ModularFloorF8D7E62645AFCCC180D6FFBDEC6B77C9.tmp' to 'D:/ModularHouse/Content/ModularSuburbanHouse/Environment/Buildings/ModularFloor.uasset'
[2017.08.19-23.55.20:599][320]LogSavePackage:Display: Finished SavePackage D:/ModularHouse/Content/ModularSuburbanHouse/Environment/Buildings/ModularFloor.uasset
[2017.08.19-23.57.08:722][822]BlueprintLog: New page: Compile ModularFloor
[2017.08.19-23.57.09:176][839]Cmd: OBJ SAVEPACKAGE PACKAGE="/Game/ModularSuburbanHouse/Environment/Buildings/ModularFloor" FILE="D:/ModularHouse/Content/ModularSuburbanHouse/Environment/Buildings/ModularFloor.uasset" SILENT=true
[2017.08.19-23.57.09:263][839]LogSavePackage: Save=77.10ms
[2017.08.19-23.57.09:263][839]LogSavePackage: Moving 'D:/ModularHouse/Saved/ModularFloorC5CD19064EE4801BC09BCBA1D2C9EF34.tmp' to 'D:/ModularHouse/Content/ModularSuburbanHouse/Environment/Buildings/ModularFloor.uasset'
[2017.08.19-23.57.09:264][839]LogSavePackage:Display: Finished SavePackage D:/ModularHouse/Content/ModularSuburbanHouse/Environment/Buildings/ModularFloor.uasset
[2017.08.19-23.57.24:860][958]Cmd: OBJ SAVEPACKAGE PACKAGE="/Game/ModularSuburbanHouse/Maps/ModularHouseDemo" FILE="D:/ModularHouse/Content/ModularSuburbanHouse/Maps/ModularHouseDemo.umap" SILENT=true AUTOSAVING=false KEEPDIRTY=false
[2017.08.19-23.57.25:132][958]LogSavePackage: Save=231.51ms
[2017.08.19-23.57.25:132][958]LogSavePackage: Moving 'D:/ModularHouse/Saved/ModularHouseDemo78CECEF54B53854BBBCE1A9C980CA12A.tmp' to 'D:/ModularHouse/Content/ModularSuburbanHouse/Maps/ModularHouseDemo.umap'
[2017.08.19-23.57.25:134][958]LogSavePackage:Display: Finished SavePackage D:/ModularHouse/Content/ModularSuburbanHouse/Maps/ModularHouseDemo.umap
[2017.08.19-23.57.25:162][958]Cmd: OBJ SAVEPACKAGE PACKAGE="/Game/ModularSuburbanHouse/Maps/ModularHouseDemo_BuiltData" FILE="D:/ModularHouse/Content/ModularSuburbanHouse/Maps/ModularHouseDemo_BuiltData.uasset" SILENT=true
[2017.08.19-23.57.25:685][958]LogSavePackage: Save=485.25ms
[2017.08.19-23.57.25:685][958]LogSavePackage: Moving 'D:/ModularHouse/Saved/ModularHouseDemo_BuiltData45A1EED14CE67ACDE60EF4AAFC2E2246.tmp' to 'D:/ModularHouse/Content/ModularSuburbanHouse/Maps/ModularHouseDemo_BuiltData.uasset'
[2017.08.19-23.57.25:688][958]LogSavePackage:Display: Finished SavePackage D:/ModularHouse/Content/ModularSuburbanHouse/Maps/ModularHouseDemo_BuiltData.uasset
[2017.08.19-23.58.36:957][116]BlueprintLog: New page: Compile ModularWall
[2017.08.19-23.58.37:479][137]Cmd: OBJ SAVEPACKAGE PACKAGE="/Game/ModularSuburbanHouse/Environment/Buildings/ModularWall" FILE="D:/ModularHouse/Content/ModularSuburbanHouse/Environment/Buildings/ModularWall.uasset" SILENT=true
[2017.08.19-23.58.37:589][137]LogSavePackage: Save=97.65ms
[2017.08.19-23.58.37:589][137]LogSavePackage: Moving 'D:/ModularHouse/Saved/ModularWallFC37B9B84A299350F860D7BB69B9B9E9.tmp' to 'D:/ModularHouse/Content/ModularSuburbanHouse/Environment/Buildings/ModularWall.uasset'
[2017.08.19-23.58.37:591][137]LogSavePackage:Display: Finished SavePackage D:/ModularHouse/Content/ModularSuburbanHouse/Environment/Buildings/ModularWall.uasset
[2017.08.19-23.59.55:932][600]BlueprintLog: New page: Compile ModularFloor
[2017.08.19-23.59.57:071][670]Cmd: OBJ SAVEPACKAGE PACKAGE="/Game/ModularSuburbanHouse/Environment/Buildings/ModularFloor" FILE="D:/ModularHouse/Content/ModularSuburbanHouse/Environment/Buildings/ModularFloor.uasset" SILENT=true
[2017.08.19-23.59.57:165][670]LogSavePackage: Save=80.54ms
[2017.08.19-23.59.57:165][670]LogSavePackage: Moving 'D:/ModularHouse/Saved/ModularFloor4DE58A124F888A0B4F2A57A31AE5D54B.tmp' to 'D:/ModularHouse/Content/ModularSuburbanHouse/Environment/Buildings/ModularFloor.uasset'
[2017.08.19-23.59.57:167][670]LogSavePackage:Display: Finished SavePackage D:/ModularHouse/Content/ModularSuburbanHouse/Environment/Buildings/ModularFloor.uasset
[2017.08.20-00.02.42:971][553]LogEditorViewport: Clicking on Actor (context menu): Landscape (Landscape)
[2017.08.20-00.02.44:504][662]LogEditorViewport: Clicking on Actor (context menu): Landscape (Landscape)
[2017.08.20-00.02.48:081][926]Cmd: MODE GRID=0
[2017.08.20-00.03.06:570][230]LogEditorViewport: Clicking on Actor (LMB): Landscape (Landscape)
[2017.08.20-00.03.08:177][344]Cmd: OBJ SAVEPACKAGE PACKAGE="/Game/ModularSuburbanHouse/Maps/ModularHouseDemo" FILE="D:/ModularHouse/Content/ModularSuburbanHouse/Maps/ModularHouseDemo.umap" SILENT=true AUTOSAVING=false KEEPDIRTY=false
[2017.08.20-00.03.08:450][344]LogSavePackage: Save=231.86ms
[2017.08.20-00.03.08:450][344]LogSavePackage: Moving 'D:/ModularHouse/Saved/ModularHouseDemo2A4F4F344AD901361DDFD6A06E130FDC.tmp' to 'D:/ModularHouse/Content/ModularSuburbanHouse/Maps/ModularHouseDemo.umap'
[2017.08.20-00.03.08:452][344]LogSavePackage:Display: Finished SavePackage D:/ModularHouse/Content/ModularSuburbanHouse/Maps/ModularHouseDemo.umap
[2017.08.20-00.03.08:478][344]Cmd: OBJ SAVEPACKAGE PACKAGE="/Game/ModularSuburbanHouse/Maps/ModularHouseDemo_BuiltData" FILE="D:/ModularHouse/Content/ModularSuburbanHouse/Maps/ModularHouseDemo_BuiltData.uasset" SILENT=true
[2017.08.20-00.03.08:977][344]LogSavePackage: Save=467.60ms
[2017.08.20-00.03.08:977][344]LogSavePackage: Moving 'D:/ModularHouse/Saved/ModularHouseDemo_BuiltData88F1BBFE458E482E6D250CB29A22401A.tmp' to 'D:/ModularHouse/Content/ModularSuburbanHouse/Maps/ModularHouseDemo_BuiltData.uasset'
[2017.08.20-00.03.08:980][344]LogSavePackage:Display: Finished SavePackage D:/ModularHouse/Content/ModularSuburbanHouse/Maps/ModularHouseDemo_BuiltData.uasset
[2017.08.20-00.03.32:494][  5]LogActorComponent: UnregisterComponent: (/Engine/Transient.EditorFloorComp) Not registered. Aborting.
[2017.08.20-00.03.32:553][  5]LogWindowsTextInputMethodSystem:Display: IME system now deactivated.
[2017.08.20-00.03.32:758][  6]Cmd: QUIT_EDITOR
[2017.08.20-00.03.32:806][  6]LogExit: Preparing to exit.
[2017.08.20-00.03.33:431][  6]LogExit: Editor shut down
[2017.08.20-00.03.33:444][  6]LogExit: Transaction tracking system shut down
[2017.08.20-00.03.33:566][  6]LogObj: Freed 0b from 0 cluster array pools.
[2017.08.20-00.03.33:566][  6]LogExit: Object subsystem successfully closed.
[2017.08.20-00.03.33:586][  6]LogD3D11RHI: Shutdown
[2017.08.20-00.03.33:586][  6]LogD3D11RHI: CleanupD3DDevice
[2017.08.20-00.03.33:745][  6]LogD3D11RHI: ~FD3D11DynamicRHI
[2017.08.20-00.03.33:767][  6]LogModuleManager: Shutting down and abandoning module StaticMeshEditor (530)
[2017.08.20-00.03.33:767][  6]LogModuleManager: Shutting down and abandoning module BlueprintGraph (528)
[2017.08.20-00.03.33:767][  6]LogModuleManager: Shutting down and abandoning module BlueprintProfiler (526)
[2017.08.20-00.03.33:767][  6]LogModuleManager: Shutting down and abandoning module HierarchicalLODOutliner (524)
[2017.08.20-00.03.33:767][  6]LogModuleManager: Shutting down and abandoning module CrashTracker (522)
[2017.08.20-00.03.33:767][  6]LogModuleManager: Shutting down and abandoning module SceneOutliner (520)
[2017.08.20-00.03.33:767][  6]LogModuleManager: Shutting down and abandoning module AddContentDialog (518)
[2017.08.20-00.03.33:767][  6]LogDirectoryWatcher: A directory notification for 'C:/Program Files/Epic Games/UE_4.16/FeaturePacks/' was aborted.
[2017.08.20-00.03.33:768][  6]LogModuleManager: Shutting down and abandoning module WidgetCarousel (517)
[2017.08.20-00.03.33:768][  6]LogModuleManager: Shutting down and abandoning module EditorWidgets (514)
[2017.08.20-00.03.33:768][  6]LogModuleManager: Shutting down and abandoning module CollectionManager (512)
[2017.08.20-00.03.33:768][  6]LogDirectoryWatcher: A directory notification for 'D:/ModularHouse/Content/Collections/' was aborted.
[2017.08.20-00.03.33:768][  6]LogDirectoryWatcher: A directory notification for 'D:/ModularHouse/Content/Developers/Justin/Collections/' was aborted.
[2017.08.20-00.03.33:768][  6]LogDirectoryWatcher: A directory notification for 'D:/ModularHouse/Saved/Collections/' was aborted.
[2017.08.20-00.03.33:768][  6]LogModuleManager: Shutting down and abandoning module StatsViewer (510)
[2017.08.20-00.03.33:768][  6]LogModuleManager: Shutting down and abandoning module FoliageEdit (508)
[2017.08.20-00.03.33:768][  6]LogModuleManager: Shutting down and abandoning module LandscapeEditor (506)
[2017.08.20-00.03.33:768][  6]LogModuleManager: Shutting down and abandoning module MeshPaintMode (504)
[2017.08.20-00.03.33:768][  6]LogModuleManager: Shutting down and abandoning module SceneDepthPickerMode (502)
[2017.08.20-00.03.33:768][  6]LogModuleManager: Shutting down and abandoning module ActorPickerMode (500)
[2017.08.20-00.03.33:768][  6]LogModuleManager: Shutting down and abandoning module GeometryMode (498)
[2017.08.20-00.03.33:768][  6]LogModuleManager: Shutting down and abandoning module TextureAlignMode (496)
[2017.08.20-00.03.33:768][  6]LogModuleManager: Shutting down and abandoning module BspMode (494)
[2017.08.20-00.03.33:768][  6]LogModuleManager: Shutting down and abandoning module HardwareSurvey (492)
[2017.08.20-00.03.33:768][  6]LogModuleManager: Shutting down and abandoning module SequenceRecorderSections (490)
[2017.08.20-00.03.33:768][  6]LogModuleManager: Shutting down and abandoning module AutomationWorker (488)
[2017.08.20-00.03.33:768][  6]LogModuleManager: Shutting down and abandoning module MatineeToLevelSequence (486)
[2017.08.20-00.03.33:768][  6]LogModuleManager: Shutting down and abandoning module LevelSequenceEditor (484)
[2017.08.20-00.03.33:769][  6]LogModuleManager: Shutting down and abandoning module PlacementMode (483)
[2017.08.20-00.03.33:769][  6]LogModuleManager: Shutting down and abandoning module WmfMediaFactory (480)
[2017.08.20-00.03.33:769][  6]LogModuleManager: Shutting down and abandoning module WmfMediaEditor (478)
[2017.08.20-00.03.33:769][  6]LogModuleManager: Shutting down and abandoning module AvfMediaFactory (476)
[2017.08.20-00.03.33:769][  6]LogModuleManager: Shutting down and abandoning module AvfMediaEditor (474)
[2017.08.20-00.03.33:769][  6]LogModuleManager: Shutting down and abandoning module AndroidMediaFactory (472)
[2017.08.20-00.03.33:769][  6]LogModuleManager: Shutting down and abandoning module Media (471)
[2017.08.20-00.03.33:769][  6]LogModuleManager: Shutting down and abandoning module AndroidMediaEditor (468)
[2017.08.20-00.03.33:769][  6]LogModuleManager: Shutting down and abandoning module CharacterAI (466)
[2017.08.20-00.03.33:769][  6]LogModuleManager: Shutting down and abandoning module AudioCapture (464)
[2017.08.20-00.03.33:769][  6]LogModuleManager: Shutting down and abandoning module SequenceRecorder (463)
[2017.08.20-00.03.33:769][  6]LogModuleManager: Shutting down and abandoning module SmartSnapping (460)
[2017.08.20-00.03.33:769][  6]LogModuleManager: Shutting down and abandoning module SessionServices (458)
[2017.08.20-00.03.33:769][  6]LogModuleManager: Shutting down and abandoning module ViewportSnapping (456)
[2017.08.20-00.03.33:769][  6]LogModuleManager: Shutting down and abandoning module ViewportInteraction (454)
[2017.08.20-00.03.33:769][  6]LogModuleManager: Shutting down and abandoning module ClothPainter (452)
[2017.08.20-00.03.33:769][  6]LogModuleManager: Shutting down and abandoning module LogVisualizer (450)
[2017.08.20-00.03.33:769][  6]LogModuleManager: Shutting down and abandoning module IntroTutorials (448)
[2017.08.20-00.03.33:769][  6]LogModuleManager: Shutting down and abandoning module GameProjectGeneration (447)
[2017.08.20-00.03.33:769][  6]LogModuleManager: Shutting down and abandoning module EditorLiveStreaming (444)
[2017.08.20-00.03.33:769][  6]LogModuleManager: Shutting down and abandoning module IOSPlatformEditor (442)
[2017.08.20-00.03.33:769][  6]LogModuleManager: Shutting down and abandoning module HTML5PlatformEditor (440)
[2017.08.20-00.03.33:769][  6]LogModuleManager: Shutting down and abandoning module AndroidPlatformEditor (438)
[2017.08.20-00.03.33:769][  6]LogModuleManager: Shutting down and abandoning module AndroidDeviceDetection (437)
[2017.08.20-00.03.34:007][  6]LogModuleManager: Shutting down and abandoning module IOSRuntimeSettings (434)
[2017.08.20-00.03.34:007][  6]LogModuleManager: Shutting down and abandoning module AndroidRuntimeSettings (432)
[2017.08.20-00.03.34:007][  6]LogModuleManager: Shutting down and abandoning module InputBindingEditor (430)
[2017.08.20-00.03.34:007][  6]LogModuleManager: Shutting down and abandoning module MergeActors (428)
[2017.08.20-00.03.34:007][  6]LogModuleManager: Shutting down and abandoning module SizeMap (426)
[2017.08.20-00.03.34:007][  6]LogModuleManager: Shutting down and abandoning module TreeMap (424)
[2017.08.20-00.03.34:007][  6]LogModuleManager: Shutting down and abandoning module ReferenceViewer (422)
[2017.08.20-00.03.34:007][  6]LogModuleManager: Shutting down and abandoning module LocalizationDashboard (420)
[2017.08.20-00.03.34:007][  6]LogModuleManager: Shutting down and abandoning module LocalizationService (419)
[2017.08.20-00.03.34:007][  6]LogModuleManager: Shutting down and abandoning module HardwareTargeting (416)
[2017.08.20-00.03.34:007][  6]LogModuleManager: Shutting down and abandoning module DeviceProfileEditor (414)
[2017.08.20-00.03.34:007][  6]LogModuleManager: Shutting down and abandoning module UndoHistory (412)
[2017.08.20-00.03.34:007][  6]LogModuleManager: Shutting down and abandoning module UserFeedback (410)
[2017.08.20-00.03.34:007][  6]LogModuleManager: Shutting down and abandoning module XmlParser (408)
[2017.08.20-00.03.34:007][  6]LogModuleManager: Shutting down and abandoning module Blutility (406)
[2017.08.20-00.03.34:007][  6]LogModuleManager: Shutting down and abandoning module ProjectSettingsViewer (404)
[2017.08.20-00.03.34:007][  6]LogModuleManager: Shutting down and abandoning module ProjectTargetPlatformEditor (403)
[2017.08.20-00.03.34:007][  6]LogModuleManager: Shutting down and abandoning module EditorSettingsViewer (400)
[2017.08.20-00.03.34:007][  6]LogModuleManager: Shutting down and abandoning module SettingsEditor (398)
[2017.08.20-00.03.34:007][  6]LogModuleManager: Shutting down and abandoning module ProjectLauncher (396)
[2017.08.20-00.03.34:007][  6]LogModuleManager: Shutting down and abandoning module SessionFrontend (394)
[2017.08.20-00.03.34:007][  6]LogModuleManager: Shutting down and abandoning module ProfilerClient (392)
[2017.08.20-00.03.34:007][  6]LogModuleManager: Shutting down and abandoning module DeviceManager (390)
[2017.08.20-00.03.34:007][  6]LogModuleManager: Shutting down and abandoning module TargetDeviceServices (389)
[2017.08.20-00.03.34:060][  6]LogModuleManager: Shutting down and abandoning module AutomationController (386)
[2017.08.20-00.03.34:060][  6]LogModuleManager: Shutting down and abandoning module AutomationWindow (384)
[2017.08.20-00.03.34:060][  6]LogModuleManager: Shutting down and abandoning module Layers (382)
[2017.08.20-00.03.34:060][  6]LogModuleManager: Shutting down and abandoning module ComponentVisualizers (380)
[2017.08.20-00.03.34:060][  6]LogModuleManager: Shutting down and abandoning module DetailCustomizations (378)
[2017.08.20-00.03.34:060][  6]LogModuleManager: Shutting down and abandoning module PackagesDialog (376)
[2017.08.20-00.03.34:060][  6]LogModuleManager: Shutting down and abandoning module Persona (374)
[2017.08.20-00.03.34:060][  6]LogModuleManager: Shutting down and abandoning module AdvancedPreviewScene (373)
[2017.08.20-00.03.34:060][  6]LogModuleManager: Shutting down and abandoning module AnimGraph (371)
[2017.08.20-00.03.34:060][  6]LogModuleManager: Shutting down and abandoning module Kismet (368)
[2017.08.20-00.03.34:069][  6]LogModuleManager: Shutting down and abandoning module ClassViewer (366)
[2017.08.20-00.03.34:069][  6]LogModuleManager: Shutting down and abandoning module Toolbox (364)
[2017.08.20-00.03.34:069][  6]LogModuleManager: Shutting down and abandoning module ModuleUI (362)
[2017.08.20-00.03.34:069][  6]LogModuleManager: Shutting down and abandoning module MovieSceneTools (360)
[2017.08.20-00.03.34:069][  6]LogModuleManager: Shutting down and abandoning module OutputLog (358)
[2017.08.20-00.03.34:069][  6]LogModuleManager: Shutting down and abandoning module GammaUI (356)
[2017.08.20-00.03.34:069][  6]LogModuleManager: Shutting down and abandoning module Documentation (354)
[2017.08.20-00.03.34:069][  6]LogModuleManager: Shutting down and abandoning module MovieSceneTracks (352)
[2017.08.20-00.03.34:069][  6]LogModuleManager: Shutting down and abandoning module MovieScene (350)
[2017.08.20-00.03.34:069][  6]LogModuleManager: Shutting down and abandoning module Niagara (348)
[2017.08.20-00.03.34:069][  6]LogModuleManager: Shutting down and abandoning module NiagaraEditor (347)
[2017.08.20-00.03.34:069][  6]LogModuleManager: Shutting down and abandoning module StreamingPauseRendering (344)
[2017.08.20-00.03.34:069][  6]LogModuleManager: Shutting down and abandoning module AnalyticsET (342)
[2017.08.20-00.03.34:069][  6]LogModuleManager: Shutting down and abandoning module PortalServices (340)
[2017.08.20-00.03.34:069][  6]LogModuleManager: Shutting down and abandoning module PortalRpc (338)
[2017.08.20-00.03.34:069][  6]LogModuleManager: Shutting down and abandoning module MessagingRpc (336)
[2017.08.20-00.03.34:069][  6]LogModuleManager: Shutting down and abandoning module AIModule (334)
[2017.08.20-00.03.34:069][  6]LogModuleManager: Shutting down and abandoning module GameplayDebugger (333)
[2017.08.20-00.03.34:069][  6]LogModuleManager: Shutting down and abandoning module AITestSuite (331)
[2017.08.20-00.03.34:069][  6]LogModuleManager: Shutting down and abandoning module ProfilerService (328)
[2017.08.20-00.03.34:307][  6]LogModuleManager: Shutting down and abandoning module TaskGraph (326)
[2017.08.20-00.03.34:307][  6]LogModuleManager: Shutting down and abandoning module SteamVRController (324)
[2017.08.20-00.03.34:307][  6]LogModuleManager: Shutting down and abandoning module SteamVR (322)
[2017.08.20-00.03.34:307][  6]LogModuleManager: Shutting down and abandoning module ProceduralMeshComponentEditor (320)
[2017.08.20-00.03.34:307][  6]LogModuleManager: Shutting down and abandoning module ProceduralMeshComponent (318)
[2017.08.20-00.03.34:307][  6]LogModuleManager: Shutting down and abandoning module OculusLibrary (316)
[2017.08.20-00.03.34:307][  6]LogModuleManager: Shutting down and abandoning module OculusInput (314)
[2017.08.20-00.03.34:307][  6]LogModuleManager: Shutting down and abandoning module MobilePatchingUtils (312)
[2017.08.20-00.03.34:307][  6]LogModuleManager: Shutting down and abandoning module CustomMeshComponent (310)
[2017.08.20-00.03.34:307][  6]LogModuleManager: Shutting down and abandoning module CableComponent (308)
[2017.08.20-00.03.34:307][  6]LogModuleManager: Shutting down and abandoning module ArchVisCharacter (306)
[2017.08.20-00.03.34:307][  6]LogModuleManager: Shutting down and abandoning module AndroidPermission (304)
[2017.08.20-00.03.34:307][  6]LogModuleManager: Shutting down and abandoning module MediaPlayerEditor (300)
[2017.08.20-00.03.34:307][  6]LogModuleManager: Shutting down and abandoning module HTML5Networking (298)
[2017.08.20-00.03.34:307][  6]LogModuleManager: Shutting down and abandoning module AlembicImporter (296)
[2017.08.20-00.03.34:307][  6]LogModuleManager: Shutting down and abandoning module AlembicLibrary (295)
[2017.08.20-00.03.34:307][  6]LogModuleManager: Shutting down and abandoning module GeometryCache (294)
[2017.08.20-00.03.34:307][  6]LogModuleManager: Shutting down and abandoning module GeometryCacheEd (293)
[2017.08.20-00.03.34:307][  6]LogModuleManager: Shutting down and abandoning module SuperSearchEditor (288)
[2017.08.20-00.03.34:307][  6]LogModuleManager: Shutting down and abandoning module SuperSearch (287)
[2017.08.20-00.03.34:307][  6]LogModuleManager: Shutting down and abandoning module SpeedTreeImporter (284)
[2017.08.20-00.03.34:307][  6]LogModuleManager: Shutting down and abandoning module PluginBrowser (282)
[2017.08.20-00.03.34:307][  6]LogModuleManager: Shutting down and abandoning module MobileLauncherProfileWizard (280)
[2017.08.20-00.03.34:307][  6]LogModuleManager: Shutting down and abandoning module VisualStudioSourceCodeAccess (278)
[2017.08.20-00.03.34:307][  6]LogModuleManager: Shutting down and abandoning module DesktopPlatform (277)
[2017.08.20-00.03.34:307][  6]LogModuleManager: Shutting down and abandoning module UObjectPlugin (274)
[2017.08.20-00.03.34:307][  6]LogModuleManager: Shutting down and abandoning module SubversionSourceControl (272)
[2017.08.20-00.03.34:307][  6]LogModuleManager: Shutting down and abandoning module PerforceSourceControl (270)
[2017.08.20-00.03.34:307][  6]LogModuleManager: Shutting down and abandoning module GitSourceControl (268)
[2017.08.20-00.03.34:307][  6]LogModuleManager: Shutting down and abandoning module SourceControl (267)
[2017.08.20-00.03.34:307][  6]LogModuleManager: Shutting down and abandoning module LightPropagationVolumeEditor (264)
[2017.08.20-00.03.34:307][  6]LogModuleManager: Shutting down and abandoning module PaperTiledImporter (262)
[2017.08.20-00.03.34:307][  6]LogModuleManager: Shutting down and abandoning module PaperSpriteSheetImporter (260)
[2017.08.20-00.03.34:307][  6]LogModuleManager: Shutting down and abandoning module Paper2DEditor (258)
[2017.08.20-00.03.34:307][  6]LogModuleManager: Shutting down and abandoning module MeshPaint (257)
[2017.08.20-00.03.34:307][  6]LogModuleManager: Shutting down and abandoning module LevelEditor (255)
[2017.08.20-00.03.34:308][  6]LogModuleManager: Shutting down and abandoning module PixelInspectorModule (254)
[2017.08.20-00.03.34:308][  6]LogModuleManager: Shutting down and abandoning module MainFrame (252)
[2017.08.20-00.03.34:308][  6]LogModuleManager: Shutting down and abandoning module HotReload (251)
[2017.08.20-00.03.34:309][  6]LogModuleManager: Shutting down and abandoning module PhysXVehiclesEditor (246)
[2017.08.20-00.03.34:309][  6]LogModuleManager: Shutting down and abandoning module PhysXVehicles (244)
[2017.08.20-00.03.34:309][  6]LogModuleManager: Shutting down and abandoning module LocationServicesBPLibrary (242)
[2017.08.20-00.03.34:309][  6]LogModuleManager: Shutting down and abandoning module ImmediatePhysicsEditor (240)
[2017.08.20-00.03.34:309][  6]LogModuleManager: Shutting down and abandoning module ImmediatePhysics (238)
[2017.08.20-00.03.34:309][  6]LogModuleManager: Shutting down and abandoning module UdpMessaging (236)
[2017.08.20-00.03.34:409][  6]LogModuleManager: Shutting down and abandoning module TcpMessaging (234)
[2017.08.20-00.03.34:510][  6]LogModuleManager: Shutting down and abandoning module GameplayTagsEditor (232)
[2017.08.20-00.03.34:510][  6]LogModuleManager: Shutting down and abandoning module FacialAnimationEditor (230)
[2017.08.20-00.03.34:510][  6]LogModuleManager: Shutting down and abandoning module FacialAnimation (228)
[2017.08.20-00.03.34:510][  6]LogModuleManager: Shutting down and abandoning module AssetManagerEditor (226)
[2017.08.20-00.03.34:510][  6]LogModuleManager: Shutting down and abandoning module GraphEditor (225)
[2017.08.20-00.03.34:510][  6]LogModuleManager: Shutting down and abandoning module ContentBrowser (223)
[2017.08.20-00.03.34:511][  6]LogModuleManager: Shutting down and abandoning module LightPropagationVolumeRuntime (220)
[2017.08.20-00.03.34:511][  6]LogModuleManager: Shutting down and abandoning module Paper2D (218)
[2017.08.20-00.03.34:511][  6]LogModuleManager: Shutting down and abandoning module WindowsMoviePlayer (216)
[2017.08.20-00.03.34:511][  6]LogModuleManager: Shutting down and abandoning module WmfMedia (214)
[2017.08.20-00.03.34:511][  6]LogModuleManager: Shutting down and abandoning module ClothingSystemEditor (212)
[2017.08.20-00.03.34:511][  6]LogModuleManager: Shutting down and abandoning module ClothingSystemRuntime (210)
[2017.08.20-00.03.34:511][  6]LogModuleManager: Shutting down and abandoning module MediaAssets (208)
[2017.08.20-00.03.34:511][  6]LogModuleManager: Shutting down and abandoning module GameLiveStreaming (206)
[2017.08.20-00.03.34:511][  6]LogModuleManager: Shutting down and abandoning module VREditor (204)
[2017.08.20-00.03.34:511][  6]LogModuleManager: Shutting down and abandoning module StringTableEditor (202)
[2017.08.20-00.03.34:511][  6]LogModuleManager: Shutting down and abandoning module GameplayTasksEditor (200)
[2017.08.20-00.03.34:511][  6]LogModuleManager: Shutting down and abandoning module BehaviorTreeEditor (198)
[2017.08.20-00.03.34:511][  6]LogModuleManager: Shutting down and abandoning module FunctionalTesting (196)
[2017.08.20-00.03.34:511][  6]LogModuleManager: Shutting down and abandoning module CollisionAnalyzer (194)
[2017.08.20-00.03.34:511][  6]LogModuleManager: Shutting down and abandoning module UMG (192)
[2017.08.20-00.03.34:511][  6]LogModuleManager: Shutting down and abandoning module UMGEditor (191)
[2017.08.20-00.03.34:511][  6]LogModuleManager: Shutting down and abandoning module Sequencer (190)
[2017.08.20-00.03.34:511][  6]LogModuleManager: Shutting down and abandoning module AssetTools (188)
[2017.08.20-00.03.34:511][  6]LogModuleManager: Shutting down and abandoning module MessageLog (187)
[2017.08.20-00.03.34:511][  6]LogModuleManager: Shutting down and abandoning module WorkspaceMenuStructure (186)
[2017.08.20-00.03.34:511][  6]LogModuleManager: Shutting down and abandoning module SlateReflector (180)
[2017.08.20-00.03.34:511][  6]LogModuleManager: Shutting down and abandoning module Slate (178)
[2017.08.20-00.03.34:511][  6]LogModuleManager: Shutting down and abandoning module EditorStyle (176)
[2017.08.20-00.03.34:514][  6]LogModuleManager: Shutting down and abandoning module SourceCodeAccess (174)
[2017.08.20-00.03.34:514][  6]LogModuleManager: Shutting down and abandoning module HeadMountedDisplay (172)
[2017.08.20-00.03.34:514][  6]LogModuleManager: Shutting down and abandoning module XAudio2 (170)
[2017.08.20-00.03.34:514][  6]LogModuleManager: Shutting down and abandoning module Networking (168)
[2017.08.20-00.03.34:514][  6]LogModuleManager: Shutting down and abandoning module Core (164)
[2017.08.20-00.03.34:514][  6]LogModuleManager: Shutting down and abandoning module AssetRegistry (162)
[2017.08.20-00.03.34:632][  6]LogDirectoryWatcher: A directory notification for '../../../Engine/Content/' was aborted.
[2017.08.20-00.03.34:632][  6]LogDirectoryWatcher: A directory notification for 'D:/ModularHouse/Content/' was aborted.
[2017.08.20-00.03.34:632][  6]LogDirectoryWatcher: A directory notification for '../../../Engine/Plugins/2D/Paper2D/Content/' was aborted.
[2017.08.20-00.03.34:633][  6]LogDirectoryWatcher: A directory notification for '../../../Engine/Plugins/Runtime/GearVR/Content/' was aborted.
[2017.08.20-00.03.34:635][  6]LogModuleManager: Shutting down and abandoning module DirectoryWatcher (161)
[2017.08.20-00.03.34:636][  6]LogModuleManager: Shutting down and abandoning module KismetCompiler (158)
[2017.08.20-00.03.34:636][  6]LogModuleManager: Shutting down and abandoning module LevelSequence (156)
[2017.08.20-00.03.34:636][  6]LogModuleManager: Shutting down and abandoning module PhysXFormats (154)
[2017.08.20-00.03.34:636][  6]LogModuleManager: Shutting down and abandoning module MeshUtilities (152)
[2017.08.20-00.03.34:637][  6]LogModuleManager: Shutting down and abandoning module SimplygonSwarm (151)
[2017.08.20-00.03.34:637][  6]LogModuleManager: Shutting down and abandoning module SimplygonMeshReduction (149)
[2017.08.20-00.03.34:637][  6]LogModuleManager: Shutting down and abandoning module QuadricMeshReduction (147)
[2017.08.20-00.03.34:637][  6]LogModuleManager: Shutting down and abandoning module DerivedDataCache (144)
[2017.08.20-00.03.34:670][  6]LogDerivedDataCache: Shutdown
[2017.08.20-00.03.34:670][  6]LogModuleManager: Shutting down and abandoning module TargetPlatform (142)
[2017.08.20-00.03.34:670][  6]LogModuleManager: Shutting down and abandoning module VulkanShaderFormat (141)
[2017.08.20-00.03.34:670][  6]LogModuleManager: Shutting down and abandoning module ShaderFormatVectorVM (139)
[2017.08.20-00.03.34:670][  6]LogModuleManager: Shutting down and abandoning module ShaderFormatOpenGL (137)
[2017.08.20-00.03.34:670][  6]LogModuleManager: Shutting down and abandoning module ShaderFormatD3D (135)
[2017.08.20-00.03.34:670][  6]LogModuleManager: Shutting down and abandoning module MetalShaderFormat (133)
[2017.08.20-00.03.34:670][  6]LogModuleManager: Shutting down and abandoning module TextureFormatUncompressed (131)
[2017.08.20-00.03.34:670][  6]LogModuleManager: Shutting down and abandoning module TextureFormatPVR (129)
[2017.08.20-00.03.34:670][  6]LogModuleManager: Shutting down and abandoning module TextureFormatDXT (127)
[2017.08.20-00.03.34:670][  6]LogModuleManager: Shutting down and abandoning module TextureFormatIntelISPCTexComp (125)
[2017.08.20-00.03.34:671][  6]LogModuleManager: Shutting down and abandoning module TextureFormatASTC (123)
[2017.08.20-00.03.34:671][  6]LogModuleManager: Shutting down and abandoning module ImageWrapper (122)
[2017.08.20-00.03.34:671][  6]LogModuleManager: Shutting down and abandoning module TextureFormatAndroid (119)
[2017.08.20-00.03.34:671][  6]LogModuleManager: Shutting down and abandoning module AudioFormatOpus (117)
[2017.08.20-00.03.34:671][  6]LogModuleManager: Shutting down and abandoning module AudioFormatOgg (115)
[2017.08.20-00.03.34:671][  6]LogModuleManager: Shutting down and abandoning module AudioFormatADPCM (113)
[2017.08.20-00.03.34:671][  6]LogModuleManager: Shutting down and abandoning module LinuxTargetPlatform (111)
[2017.08.20-00.03.34:671][  6]LogModuleManager: Shutting down and abandoning module LinuxServerTargetPlatform (109)
[2017.08.20-00.03.34:671][  6]LogModuleManager: Shutting down and abandoning module LinuxNoEditorTargetPlatform (107)
[2017.08.20-00.03.34:671][  6]LogModuleManager: Shutting down and abandoning module LinuxClientTargetPlatform (105)
[2017.08.20-00.03.34:671][  6]LogModuleManager: Shutting down and abandoning module TVOSTargetPlatform (103)
[2017.08.20-00.03.34:671][  6]LogModuleManager: Shutting down and abandoning module Messaging (101)
[2017.08.20-00.03.34:671][  6]LogModuleManager: Shutting down and abandoning module IOSTargetPlatform (99)
[2017.08.20-00.03.34:671][  6]LogModuleManager: Shutting down and abandoning module HTML5TargetPlatform (97)
[2017.08.20-00.03.34:671][  6]LogModuleManager: Shutting down and abandoning module Android_PVRTCTargetPlatform (95)
[2017.08.20-00.03.34:671][  6]LogModuleManager: Shutting down and abandoning module Android_MultiTargetPlatform (93)
[2017.08.20-00.03.34:671][  6]LogModuleManager: Shutting down and abandoning module Android_ETC2TargetPlatform (91)
[2017.08.20-00.03.34:671][  6]LogModuleManager: Shutting down and abandoning module Android_ETC1TargetPlatform (89)
[2017.08.20-00.03.34:671][  6]LogModuleManager: Shutting down and abandoning module Android_DXTTargetPlatform (87)
[2017.08.20-00.03.34:671][  6]LogModuleManager: Shutting down and abandoning module Android_ATCTargetPlatform (85)
[2017.08.20-00.03.34:671][  6]LogModuleManager: Shutting down and abandoning module Android_ASTCTargetPlatform (83)
[2017.08.20-00.03.34:671][  6]LogModuleManager: Shutting down and abandoning module AndroidTargetPlatform (81)
[2017.08.20-00.03.34:671][  6]LogModuleManager: Shutting down and abandoning module WindowsTargetPlatform (79)
[2017.08.20-00.03.34:671][  6]LogModuleManager: Shutting down and abandoning module WindowsServerTargetPlatform (77)
[2017.08.20-00.03.34:671][  6]LogModuleManager: Shutting down and abandoning module WindowsNoEditorTargetPlatform (75)
[2017.08.20-00.03.34:671][  6]LogModuleManager: Shutting down and abandoning module WindowsClientTargetPlatform (73)
[2017.08.20-00.03.34:671][  6]LogModuleManager: Shutting down and abandoning module MacTargetPlatform (71)
[2017.08.20-00.03.34:671][  6]LogModuleManager: Shutting down and abandoning module MacServerTargetPlatform (69)
[2017.08.20-00.03.34:671][  6]LogModuleManager: Shutting down and abandoning module MacNoEditorTargetPlatform (67)
[2017.08.20-00.03.34:671][  6]LogModuleManager: Shutting down and abandoning module MacClientTargetPlatform (65)
[2017.08.20-00.03.34:671][  6]LogModuleManager: Shutting down and abandoning module AllDesktopTargetPlatform (63)
[2017.08.20-00.03.34:671][  6]LogModuleManager: Shutting down and abandoning module InputCore (60)
[2017.08.20-00.03.34:671][  6]LogModuleManager: Shutting down and abandoning module Settings (58)
[2017.08.20-00.03.34:671][  6]LogModuleManager: Shutting down and abandoning module OculusRift (56)
[2017.08.20-00.03.34:671][  6]LogModuleManager: Shutting down and abandoning module GearVRController (54)
[2017.08.20-00.03.34:671][  6]LogModuleManager: Shutting down and abandoning module GearVR (52)
[2017.08.20-00.03.34:671][  6]LogModuleManager: Shutting down and abandoning module ExampleDeviceProfileSelector (50)
[2017.08.20-00.03.34:671][  6]LogModuleManager: Shutting down and abandoning module OnlineBlueprintSupport (48)
[2017.08.20-00.03.34:671][  6]LogModuleManager: Shutting down and abandoning module OnlineSubsystem (44)
[2017.08.20-00.03.34:671][  6]LogOnline:Display: Unloading online subsystem: NULL
[2017.08.20-00.03.34:671][  6]LogModuleManager: Shutting down and abandoning module XMPP (43)
[2017.08.20-00.03.34:671][  6]LogModuleManager: Shutting down and abandoning module HTTP (41)
[2017.08.20-00.03.34:671][  6]LogHttp:Display: Http module shutting down, but needs to wait on 1 outstanding Http requests:
[2017.08.20-00.03.34:671][  6]LogHttp:Display: 	verb=[POST] url=[https://datarouter.ol.epicgames.com/datarouter/api/v1/public/data?SessionID=%7B9D9909A1-44C9-0ED9-91A8-24BBA658AEF1%7D&AppID=UEEditor.Rocket.Release&AppVersion=4.16.3-3561208%2B%2B%2BUE4%2BRelease-4.16&UserID=342c92ed46394c2f005e089436139f89%7Cff45075c8a9c443397ddfdec1e4285a2%7C7e32f187-ea15-4ba5-b983-da622b4f316d&AppEnvironment=datacollector-binary&UploadType=eteventstream] status=Processing
[2017.08.20-00.03.34:704][  6]LogModuleManager: Shutting down and abandoning module SSL (40)
[2017.08.20-00.03.34:706][  6]LogModuleManager: Shutting down and abandoning module HTTPChunkInstaller (36)
[2017.08.20-00.03.34:706][  6]LogModuleManager: Shutting down and abandoning module AnimationModifiers (34)
[2017.08.20-00.03.34:706][  6]LogModuleManager: Shutting down and abandoning module PropertyEditor (33)
[2017.08.20-00.03.34:706][  6]LogModuleManager: Shutting down and abandoning module AudioEditor (30)
[2017.08.20-00.03.34:706][  6]LogModuleManager: Shutting down and abandoning module TextureCompressor (28)
[2017.08.20-00.03.34:706][  6]LogModuleManager: Shutting down and abandoning module ShaderCore (26)
[2017.08.20-00.03.34:706][  6]LogModuleManager: Shutting down and abandoning module Landscape (24)
[2017.08.20-00.03.34:706][  6]LogModuleManager: Shutting down and abandoning module SlateRHIRenderer (22)
[2017.08.20-00.03.34:708][  6]LogModuleManager: Shutting down and abandoning module OpenGLDrv (20)
[2017.08.20-00.03.34:708][  6]LogModuleManager: Shutting down and abandoning module D3D11RHI (18)
[2017.08.20-00.03.34:708][  6]LogModuleManager: Shutting down and abandoning module AnimGraphRuntime (16)
[2017.08.20-00.03.34:708][  6]LogModuleManager: Shutting down and abandoning module Renderer (14)
[2017.08.20-00.03.34:708][  6]LogModuleManager: Shutting down and abandoning module Engine (12)
[2017.08.20-00.03.34:708][  6]LogModuleManager: Shutting down and abandoning module CoreUObject (10)
[2017.08.20-00.03.34:708][  6]LogModuleManager: Shutting down and abandoning module NetworkFile (8)
[2017.08.20-00.03.34:708][  6]LogModuleManager: Shutting down and abandoning module StreamingFile (6)
[2017.08.20-00.03.34:708][  6]LogModuleManager: Shutting down and abandoning module SandboxFile (4)
[2017.08.20-00.03.34:708][  6]LogModuleManager: Shutting down and abandoning module PakFile (2)
[2017.08.20-00.03.34:710][  6]LogExit: Exiting.
[2017.08.20-00.03.34:724][  6]Log file closed, 08/19/17 17:03:34
